Sender: LSF System <lsfadmin@eu-g3-039>
Subject: Job 209865793: <train_9> in cluster <euler> Exited

Job <train_9> was submitted from host <eu-login-12> by user <euler_username> in cluster <euler> at Sat Mar 19 18:44:04 2022
Job was executed on host(s) <4*eu-g3-039>, in queue <gpu.24h>, as user <euler_username> in cluster <euler> at Sat Mar 19 18:44:12 2022
</cluster/home/euler_username> was used as the home directory.
</cluster/work/cotterell/liam/master-thesis> was used as the working directory.
Started at Sat Mar 19 18:44:12 2022
Terminated at Sun Mar 20 14:44:33 2022
Results reported at Sun Mar 20 14:44:33 2022

Your job looked like:

------------------------------------------------------------
# LSBATCH: User input
fairseq-train data/xsum-summarizer --save-dir checkpoints/summarization_model/9 --criterion label_smoothed_cross_entropy --label-smoothing 0.1 --max-tokens 4096 --update-freq 64 --no-epoch-checkpoints --no-last-checkpoints --truncate-source --skip-invalid-size-inputs-valid-test --patience 5 --arch transformer_wmt_en_de --share-all-embeddings --optimizer adam --adam-betas "(0.9, 0.98)" --clip-norm 0.0 --lr-scheduler inverse_sqrt --warmup-init-lr 1e-07 --warmup-updates 4000 --lr 0.00007 --dropout 0.1 --weight-decay 0.0 --restore-file checkpoints/summarization_model/8/checkpoint_best.pt
------------------------------------------------------------

TERM_RUNLIMIT: job killed after reaching LSF run time limit.
Exited with exit code 140.

Resource usage summary:

    CPU time :                                   53789.00 sec.
    Max Memory :                                 5244 MB
    Average Memory :                             3129.86 MB
    Total Requested Memory :                     8192.00 MB
    Delta Memory :                               2948.00 MB
    Max Swap :                                   124 MB
    Max Processes :                              4
    Max Threads :                                14
    Run time :                                   72021 sec.
    Turnaround time :                            72029 sec.

The output (if any) follows:

2022-03-19 18:46:19 | INFO | fairseq.tasks.text_to_speech | Please install tensorboardX: pip install tensorboardX
2022-03-19 18:46:28 | INFO | fairseq_cli.train | {'_name': None, 'common': {'_name': None, 'no_progress_bar': False, 'log_interval': 100, 'log_format': None, 'log_file': None, 'tensorboard_logdir': None, 'wandb_project': None, 'azureml_logging': False, 'seed': 1, 'cpu': False, 'tpu': False, 'bf16': False, 'memory_efficient_bf16': False, 'fp16': False, 'memory_efficient_fp16': False, 'fp16_no_flatten_grads': False, 'fp16_init_scale': 128, 'fp16_scale_window': None, 'fp16_scale_tolerance': 0.0, 'on_cpu_convert_precision': False, 'min_loss_scale': 0.0001, 'threshold_loss_scale': None, 'amp': False, 'amp_batch_retries': 2, 'amp_init_scale': 128, 'amp_scale_window': None, 'user_dir': None, 'empty_cache_freq': 0, 'all_gather_list_size': 16384, 'model_parallel_size': 1, 'quantization_config_path': None, 'profile': False, 'reset_logging': False, 'suppress_crashes': False, 'use_plasma_view': False, 'plasma_path': '/tmp/plasma'}, 'common_eval': {'_name': None, 'path': None, 'post_process': None, 'quiet': False, 'model_overrides': '{}', 'results_path': None}, 'distributed_training': {'_name': None, 'distributed_world_size': 1, 'distributed_num_procs': 1, 'distributed_rank': 0, 'distributed_backend': 'nccl', 'distributed_init_method': None, 'distributed_port': -1, 'device_id': 0, 'distributed_no_spawn': False, 'ddp_backend': 'pytorch_ddp', 'ddp_comm_hook': 'none', 'bucket_cap_mb': 25, 'fix_batches_to_gpus': False, 'find_unused_parameters': False, 'gradient_as_bucket_view': False, 'fast_stat_sync': False, 'heartbeat_timeout': -1, 'broadcast_buffers': False, 'slowmo_momentum': None, 'slowmo_base_algorithm': 'localsgd', 'localsgd_frequency': 3, 'nprocs_per_node': 1, 'pipeline_model_parallel': False, 'pipeline_balance': None, 'pipeline_devices': None, 'pipeline_chunks': 0, 'pipeline_encoder_balance': None, 'pipeline_encoder_devices': None, 'pipeline_decoder_balance': None, 'pipeline_decoder_devices': None, 'pipeline_checkpoint': 'never', 'zero_sharding': 'none', 'fp16': False, 'memory_efficient_fp16': False, 'tpu': False, 'no_reshard_after_forward': False, 'fp32_reduce_scatter': False, 'cpu_offload': False, 'use_sharded_state': False, 'not_fsdp_flatten_parameters': False}, 'dataset': {'_name': None, 'num_workers': 1, 'skip_invalid_size_inputs_valid_test': True, 'max_tokens': 4096, 'batch_size': None, 'required_batch_size_multiple': 8, 'required_seq_len_multiple': 1, 'dataset_impl': None, 'data_buffer_size': 10, 'train_subset': 'train', 'valid_subset': 'valid', 'combine_valid_subsets': None, 'ignore_unused_valid_subsets': False, 'validate_interval': 1, 'validate_interval_updates': 0, 'validate_after_updates': 0, 'fixed_validation_seed': None, 'disable_validation': False, 'max_tokens_valid': 4096, 'batch_size_valid': None, 'max_valid_steps': None, 'curriculum': 0, 'gen_subset': 'test', 'num_shards': 1, 'shard_id': 0, 'grouped_shuffling': False, 'update_epoch_batch_itr': False, 'update_ordered_indices_seed': False}, 'optimization': {'_name': None, 'max_epoch': 0, 'max_update': 0, 'stop_time_hours': 0.0, 'clip_norm': 0.0, 'sentence_avg': False, 'update_freq': [64], 'lr': [7e-05], 'stop_min_lr': -1.0, 'use_bmuf': False, 'skip_remainder_batch': False}, 'checkpoint': {'_name': None, 'save_dir': 'checkpoints/summarization_model/9', 'restore_file': 'checkpoints/summarization_model/8/checkpoint_best.pt', 'continue_once': None, 'finetune_from_model': None, 'reset_dataloader': False, 'reset_lr_scheduler': False, 'reset_meters': False, 'reset_optimizer': False, 'optimizer_overrides': '{}', 'save_interval': 1, 'save_interval_updates': 0, 'keep_interval_updates': -1, 'keep_interval_updates_pattern': -1, 'keep_last_epochs': -1, 'keep_best_checkpoints': -1, 'no_save': False, 'no_epoch_checkpoints': True, 'no_last_checkpoints': True, 'no_save_optimizer_state': False, 'best_checkpoint_metric': 'loss', 'maximize_best_checkpoint_metric': False, 'patience': 5, 'checkpoint_suffix': '', 'checkpoint_shard_count': 1, 'load_checkpoint_on_all_dp_ranks': False, 'write_checkpoints_asynchronously': False, 'model_parallel_size': 1}, 'bmuf': {'_name': None, 'block_lr': 1.0, 'block_momentum': 0.875, 'global_sync_iter': 50, 'warmup_iterations': 500, 'use_nbm': False, 'average_sync': False, 'distributed_world_size': 1}, 'generation': {'_name': None, 'beam': 5, 'nbest': 1, 'max_len_a': 0.0, 'max_len_b': 200, 'min_len': 1, 'match_source_len': False, 'unnormalized': False, 'no_early_stop': False, 'no_beamable_mm': False, 'lenpen': 1.0, 'unkpen': 0.0, 'replace_unk': None, 'sacrebleu': False, 'score_reference': False, 'prefix_size': 0, 'no_repeat_ngram_size': 0, 'sampling': False, 'sampling_topk': -1, 'sampling_topp': -1.0, 'constraints': None, 'temperature': 1.0, 'diverse_beam_groups': -1, 'diverse_beam_strength': 0.5, 'diversity_rate': -1.0, 'print_alignment': None, 'print_step': False, 'lm_path': None, 'lm_weight': 0.0, 'iter_decode_eos_penalty': 0.0, 'iter_decode_max_iter': 10, 'iter_decode_force_max_iter': False, 'iter_decode_with_beam': 1, 'iter_decode_with_external_reranker': False, 'retain_iter_history': False, 'retain_dropout': False, 'retain_dropout_modules': None, 'decoding_format': None, 'no_seed_provided': False}, 'eval_lm': {'_name': None, 'output_word_probs': False, 'output_word_stats': False, 'context_window': 0, 'softmax_batch': 9223372036854775807}, 'interactive': {'_name': None, 'buffer_size': 0, 'input': '-'}, 'model': Namespace(_name='transformer_wmt_en_de', activation_dropout=0.0, activation_fn='relu', adam_betas='(0.9, 0.98)', adam_eps=1e-08, adaptive_input=False, adaptive_softmax_cutoff=None, adaptive_softmax_dropout=0, all_gather_list_size=16384, amp=False, amp_batch_retries=2, amp_init_scale=128, amp_scale_window=None, arch='transformer_wmt_en_de', attention_dropout=0.0, azureml_logging=False, batch_size=None, batch_size_valid=None, best_checkpoint_metric='loss', bf16=False, bpe=None, broadcast_buffers=False, bucket_cap_mb=25, checkpoint_activations=False, checkpoint_shard_count=1, checkpoint_suffix='', clip_norm=0.0, combine_valid_subsets=None, continue_once=None, cpu=False, cpu_offload=False, criterion='label_smoothed_cross_entropy', cross_self_attention=False, curriculum=0, data='data/xsum-summarizer', data_buffer_size=10, dataset_impl=None, ddp_backend='pytorch_ddp', ddp_comm_hook='none', decoder_attention_heads=8, decoder_embed_dim=512, decoder_embed_path=None, decoder_ffn_embed_dim=2048, decoder_input_dim=512, decoder_layerdrop=0, decoder_layers=6, decoder_layers_to_keep=None, decoder_learned_pos=False, decoder_normalize_before=False, decoder_output_dim=512, device_id=0, disable_validation=False, distributed_backend='nccl', distributed_init_method=None, distributed_no_spawn=False, distributed_num_procs=1, distributed_port=-1, distributed_rank=0, distributed_world_size=1, dropout=0.1, ema_decay=0.9999, ema_fp32=False, ema_seed_model=None, ema_start_update=0, ema_update_freq=1, empty_cache_freq=0, encoder_attention_heads=8, encoder_embed_dim=512, encoder_embed_path=None, encoder_ffn_embed_dim=2048, encoder_layerdrop=0, encoder_layers=6, encoder_layers_to_keep=None, encoder_learned_pos=False, encoder_normalize_before=False, eos=2, eval_bleu=False, eval_bleu_args='{}', eval_bleu_detok='space', eval_bleu_detok_args='{}', eval_bleu_print_samples=False, eval_bleu_remove_bpe=None, eval_tokenized_bleu=False, fast_stat_sync=False, find_unused_parameters=False, finetune_from_model=None, fix_batches_to_gpus=False, fixed_validation_seed=None, fp16=False, fp16_adam_stats=False, fp16_init_scale=128, fp16_no_flatten_grads=False, fp16_scale_tolerance=0.0, fp16_scale_window=None, fp32_reduce_scatter=False, gen_subset='test', gradient_as_bucket_view=False, grouped_shuffling=False, heartbeat_timeout=-1, ignore_prefix_size=0, ignore_unused_valid_subsets=False, keep_best_checkpoints=-1, keep_interval_updates=-1, keep_interval_updates_pattern=-1, keep_last_epochs=-1, label_smoothing=0.1, layernorm_embedding=False, left_pad_source=True, left_pad_target=False, load_alignments=False, load_checkpoint_on_all_dp_ranks=False, localsgd_frequency=3, log_file=None, log_format=None, log_interval=100, lr=[7e-05], lr_scheduler='inverse_sqrt', max_epoch=0, max_tokens=4096, max_tokens_valid=4096, max_update=0, max_valid_steps=None, maximize_best_checkpoint_metric=False, memory_efficient_bf16=False, memory_efficient_fp16=False, min_loss_scale=0.0001, model_parallel_size=1, no_cross_attention=False, no_epoch_checkpoints=True, no_last_checkpoints=True, no_progress_bar=False, no_reshard_after_forward=False, no_save=False, no_save_optimizer_state=False, no_scale_embedding=False, no_seed_provided=False, no_token_positional_embeddings=False, not_fsdp_flatten_parameters=False, nprocs_per_node=1, num_batch_buckets=0, num_shards=1, num_workers=1, offload_activations=False, on_cpu_convert_precision=False, optimizer='adam', optimizer_overrides='{}', pad=1, patience=5, pipeline_balance=None, pipeline_checkpoint='never', pipeline_chunks=0, pipeline_decoder_balance=None, pipeline_decoder_devices=None, pipeline_devices=None, pipeline_encoder_balance=None, pipeline_encoder_devices=None, pipeline_model_parallel=False, plasma_path='/tmp/plasma', profile=False, quant_noise_pq=0, quant_noise_pq_block_size=8, quant_noise_scalar=0, quantization_config_path=None, report_accuracy=False, required_batch_size_multiple=8, required_seq_len_multiple=1, reset_dataloader=False, reset_logging=False, reset_lr_scheduler=False, reset_meters=False, reset_optimizer=False, restore_file='checkpoints/summarization_model/8/checkpoint_best.pt', save_dir='checkpoints/summarization_model/9', save_interval=1, save_interval_updates=0, scoring='bleu', seed=1, sentence_avg=False, shard_id=0, share_all_embeddings=True, share_decoder_input_output_embed=False, simul_type=None, skip_invalid_size_inputs_valid_test=True, skip_remainder_batch=False, slowmo_base_algorithm='localsgd', slowmo_momentum=None, source_lang=None, stop_min_lr=-1.0, stop_time_hours=0, store_ema=False, suppress_crashes=False, target_lang=None, task='translation', tensorboard_logdir=None, threshold_loss_scale=None, tie_adaptive_weights=False, tokenizer=None, tpu=False, train_subset='train', truncate_source=True, unk=3, update_epoch_batch_itr=False, update_freq=[64], update_ordered_indices_seed=False, upsample_primary=-1, use_bmuf=False, use_old_adam=False, use_plasma_view=False, use_sharded_state=False, user_dir=None, valid_subset='valid', validate_after_updates=0, validate_interval=1, validate_interval_updates=0, wandb_project=None, warmup_init_lr=1e-07, warmup_updates=4000, weight_decay=0.0, write_checkpoints_asynchronously=False, zero_sharding='none'), 'task': {'_name': 'translation', 'data': 'data/xsum-summarizer', 'source_lang': None, 'target_lang': None, 'load_alignments': False, 'left_pad_source': True, 'left_pad_target': False, 'max_source_positions': 1024, 'max_target_positions': 1024, 'upsample_primary': -1, 'truncate_source': True, 'num_batch_buckets': 0, 'train_subset': 'train', 'dataset_impl': None, 'required_seq_len_multiple': 1, 'eval_bleu': False, 'eval_bleu_args': '{}', 'eval_bleu_detok': 'space', 'eval_bleu_detok_args': '{}', 'eval_tokenized_bleu': False, 'eval_bleu_remove_bpe': None, 'eval_bleu_print_samples': False}, 'criterion': {'_name': 'label_smoothed_cross_entropy', 'label_smoothing': 0.1, 'report_accuracy': False, 'ignore_prefix_size': 0, 'sentence_avg': False}, 'optimizer': {'_name': 'adam', 'adam_betas': '(0.9, 0.98)', 'adam_eps': 1e-08, 'weight_decay': 0.0, 'use_old_adam': False, 'fp16_adam_stats': False, 'tpu': False, 'lr': [7e-05]}, 'lr_scheduler': {'_name': 'inverse_sqrt', 'warmup_updates': 4000, 'warmup_init_lr': 1e-07, 'lr': [7e-05]}, 'scoring': {'_name': 'bleu', 'pad': 1, 'eos': 2, 'unk': 3}, 'bpe': None, 'tokenizer': None, 'ema': {'_name': None, 'store_ema': False, 'ema_decay': 0.9999, 'ema_start_update': 0, 'ema_seed_model': None, 'ema_update_freq': 1, 'ema_fp32': False}, 'simul_type': None}
2022-03-19 18:46:29 | INFO | fairseq.tasks.translation | [source] dictionary: 49992 types
2022-03-19 18:46:29 | INFO | fairseq.tasks.translation | [target] dictionary: 49992 types
2022-03-19 18:46:33 | INFO | fairseq_cli.train | TransformerModel(
  (encoder): TransformerEncoderBase(
    (dropout_module): FairseqDropout()
    (embed_tokens): Embedding(49992, 512, padding_idx=1)
    (embed_positions): SinusoidalPositionalEmbedding()
    (layers): ModuleList(
      (0): TransformerEncoderLayerBase(
        (self_attn): MultiheadAttention(
          (dropout_module): FairseqDropout()
          (k_proj): Linear(in_features=512, out_features=512, bias=True)
          (v_proj): Linear(in_features=512, out_features=512, bias=True)
          (q_proj): Linear(in_features=512, out_features=512, bias=True)
          (out_proj): Linear(in_features=512, out_features=512, bias=True)
        )
        (self_attn_layer_norm): LayerNorm((512,), eps=1e-05, elementwise_affine=True)
        (dropout_module): FairseqDropout()
        (activation_dropout_module): FairseqDropout()
        (fc1): Linear(in_features=512, out_features=2048, bias=True)
        (fc2): Linear(in_features=2048, out_features=512, bias=True)
        (final_layer_norm): LayerNorm((512,), eps=1e-05, elementwise_affine=True)
      )
      (1): TransformerEncoderLayerBase(
        (self_attn): MultiheadAttention(
          (dropout_module): FairseqDropout()
          (k_proj): Linear(in_features=512, out_features=512, bias=True)
          (v_proj): Linear(in_features=512, out_features=512, bias=True)
          (q_proj): Linear(in_features=512, out_features=512, bias=True)
          (out_proj): Linear(in_features=512, out_features=512, bias=True)
        )
        (self_attn_layer_norm): LayerNorm((512,), eps=1e-05, elementwise_affine=True)
        (dropout_module): FairseqDropout()
        (activation_dropout_module): FairseqDropout()
        (fc1): Linear(in_features=512, out_features=2048, bias=True)
        (fc2): Linear(in_features=2048, out_features=512, bias=True)
        (final_layer_norm): LayerNorm((512,), eps=1e-05, elementwise_affine=True)
      )
      (2): TransformerEncoderLayerBase(
        (self_attn): MultiheadAttention(
          (dropout_module): FairseqDropout()
          (k_proj): Linear(in_features=512, out_features=512, bias=True)
          (v_proj): Linear(in_features=512, out_features=512, bias=True)
          (q_proj): Linear(in_features=512, out_features=512, bias=True)
          (out_proj): Linear(in_features=512, out_features=512, bias=True)
        )
        (self_attn_layer_norm): LayerNorm((512,), eps=1e-05, elementwise_affine=True)
        (dropout_module): FairseqDropout()
        (activation_dropout_module): FairseqDropout()
        (fc1): Linear(in_features=512, out_features=2048, bias=True)
        (fc2): Linear(in_features=2048, out_features=512, bias=True)
        (final_layer_norm): LayerNorm((512,), eps=1e-05, elementwise_affine=True)
      )
      (3): TransformerEncoderLayerBase(
        (self_attn): MultiheadAttention(
          (dropout_module): FairseqDropout()
          (k_proj): Linear(in_features=512, out_features=512, bias=True)
          (v_proj): Linear(in_features=512, out_features=512, bias=True)
          (q_proj): Linear(in_features=512, out_features=512, bias=True)
          (out_proj): Linear(in_features=512, out_features=512, bias=True)
        )
        (self_attn_layer_norm): LayerNorm((512,), eps=1e-05, elementwise_affine=True)
        (dropout_module): FairseqDropout()
        (activation_dropout_module): FairseqDropout()
        (fc1): Linear(in_features=512, out_features=2048, bias=True)
        (fc2): Linear(in_features=2048, out_features=512, bias=True)
        (final_layer_norm): LayerNorm((512,), eps=1e-05, elementwise_affine=True)
      )
      (4): TransformerEncoderLayerBase(
        (self_attn): MultiheadAttention(
          (dropout_module): FairseqDropout()
          (k_proj): Linear(in_features=512, out_features=512, bias=True)
          (v_proj): Linear(in_features=512, out_features=512, bias=True)
          (q_proj): Linear(in_features=512, out_features=512, bias=True)
          (out_proj): Linear(in_features=512, out_features=512, bias=True)
        )
        (self_attn_layer_norm): LayerNorm((512,), eps=1e-05, elementwise_affine=True)
        (dropout_module): FairseqDropout()
        (activation_dropout_module): FairseqDropout()
        (fc1): Linear(in_features=512, out_features=2048, bias=True)
        (fc2): Linear(in_features=2048, out_features=512, bias=True)
        (final_layer_norm): LayerNorm((512,), eps=1e-05, elementwise_affine=True)
      )
      (5): TransformerEncoderLayerBase(
        (self_attn): MultiheadAttention(
          (dropout_module): FairseqDropout()
          (k_proj): Linear(in_features=512, out_features=512, bias=True)
          (v_proj): Linear(in_features=512, out_features=512, bias=True)
          (q_proj): Linear(in_features=512, out_features=512, bias=True)
          (out_proj): Linear(in_features=512, out_features=512, bias=True)
        )
        (self_attn_layer_norm): LayerNorm((512,), eps=1e-05, elementwise_affine=True)
        (dropout_module): FairseqDropout()
        (activation_dropout_module): FairseqDropout()
        (fc1): Linear(in_features=512, out_features=2048, bias=True)
        (fc2): Linear(in_features=2048, out_features=512, bias=True)
        (final_layer_norm): LayerNorm((512,), eps=1e-05, elementwise_affine=True)
      )
    )
  )
  (decoder): TransformerDecoderBase(
    (dropout_module): FairseqDropout()
    (embed_tokens): Embedding(49992, 512, padding_idx=1)
    (embed_positions): SinusoidalPositionalEmbedding()
    (layers): ModuleList(
      (0): TransformerDecoderLayerBase(
        (dropout_module): FairseqDropout()
        (self_attn): MultiheadAttention(
          (dropout_module): FairseqDropout()
          (k_proj): Linear(in_features=512, out_features=512, bias=True)
          (v_proj): Linear(in_features=512, out_features=512, bias=True)
          (q_proj): Linear(in_features=512, out_features=512, bias=True)
          (out_proj): Linear(in_features=512, out_features=512, bias=True)
        )
        (activation_dropout_module): FairseqDropout()
        (self_attn_layer_norm): LayerNorm((512,), eps=1e-05, elementwise_affine=True)
        (encoder_attn): MultiheadAttention(
          (dropout_module): FairseqDropout()
          (k_proj): Linear(in_features=512, out_features=512, bias=True)
          (v_proj): Linear(in_features=512, out_features=512, bias=True)
          (q_proj): Linear(in_features=512, out_features=512, bias=True)
          (out_proj): Linear(in_features=512, out_features=512, bias=True)
        )
        (encoder_attn_layer_norm): LayerNorm((512,), eps=1e-05, elementwise_affine=True)
        (fc1): Linear(in_features=512, out_features=2048, bias=True)
        (fc2): Linear(in_features=2048, out_features=512, bias=True)
        (final_layer_norm): LayerNorm((512,), eps=1e-05, elementwise_affine=True)
      )
      (1): TransformerDecoderLayerBase(
        (dropout_module): FairseqDropout()
        (self_attn): MultiheadAttention(
          (dropout_module): FairseqDropout()
          (k_proj): Linear(in_features=512, out_features=512, bias=True)
          (v_proj): Linear(in_features=512, out_features=512, bias=True)
          (q_proj): Linear(in_features=512, out_features=512, bias=True)
          (out_proj): Linear(in_features=512, out_features=512, bias=True)
        )
        (activation_dropout_module): FairseqDropout()
        (self_attn_layer_norm): LayerNorm((512,), eps=1e-05, elementwise_affine=True)
        (encoder_attn): MultiheadAttention(
          (dropout_module): FairseqDropout()
          (k_proj): Linear(in_features=512, out_features=512, bias=True)
          (v_proj): Linear(in_features=512, out_features=512, bias=True)
          (q_proj): Linear(in_features=512, out_features=512, bias=True)
          (out_proj): Linear(in_features=512, out_features=512, bias=True)
        )
        (encoder_attn_layer_norm): LayerNorm((512,), eps=1e-05, elementwise_affine=True)
        (fc1): Linear(in_features=512, out_features=2048, bias=True)
        (fc2): Linear(in_features=2048, out_features=512, bias=True)
        (final_layer_norm): LayerNorm((512,), eps=1e-05, elementwise_affine=True)
      )
      (2): TransformerDecoderLayerBase(
        (dropout_module): FairseqDropout()
        (self_attn): MultiheadAttention(
          (dropout_module): FairseqDropout()
          (k_proj): Linear(in_features=512, out_features=512, bias=True)
          (v_proj): Linear(in_features=512, out_features=512, bias=True)
          (q_proj): Linear(in_features=512, out_features=512, bias=True)
          (out_proj): Linear(in_features=512, out_features=512, bias=True)
        )
        (activation_dropout_module): FairseqDropout()
        (self_attn_layer_norm): LayerNorm((512,), eps=1e-05, elementwise_affine=True)
        (encoder_attn): MultiheadAttention(
          (dropout_module): FairseqDropout()
          (k_proj): Linear(in_features=512, out_features=512, bias=True)
          (v_proj): Linear(in_features=512, out_features=512, bias=True)
          (q_proj): Linear(in_features=512, out_features=512, bias=True)
          (out_proj): Linear(in_features=512, out_features=512, bias=True)
        )
        (encoder_attn_layer_norm): LayerNorm((512,), eps=1e-05, elementwise_affine=True)
        (fc1): Linear(in_features=512, out_features=2048, bias=True)
        (fc2): Linear(in_features=2048, out_features=512, bias=True)
        (final_layer_norm): LayerNorm((512,), eps=1e-05, elementwise_affine=True)
      )
      (3): TransformerDecoderLayerBase(
        (dropout_module): FairseqDropout()
        (self_attn): MultiheadAttention(
          (dropout_module): FairseqDropout()
          (k_proj): Linear(in_features=512, out_features=512, bias=True)
          (v_proj): Linear(in_features=512, out_features=512, bias=True)
          (q_proj): Linear(in_features=512, out_features=512, bias=True)
          (out_proj): Linear(in_features=512, out_features=512, bias=True)
        )
        (activation_dropout_module): FairseqDropout()
        (self_attn_layer_norm): LayerNorm((512,), eps=1e-05, elementwise_affine=True)
        (encoder_attn): MultiheadAttention(
          (dropout_module): FairseqDropout()
          (k_proj): Linear(in_features=512, out_features=512, bias=True)
          (v_proj): Linear(in_features=512, out_features=512, bias=True)
          (q_proj): Linear(in_features=512, out_features=512, bias=True)
          (out_proj): Linear(in_features=512, out_features=512, bias=True)
        )
        (encoder_attn_layer_norm): LayerNorm((512,), eps=1e-05, elementwise_affine=True)
        (fc1): Linear(in_features=512, out_features=2048, bias=True)
        (fc2): Linear(in_features=2048, out_features=512, bias=True)
        (final_layer_norm): LayerNorm((512,), eps=1e-05, elementwise_affine=True)
      )
      (4): TransformerDecoderLayerBase(
        (dropout_module): FairseqDropout()
        (self_attn): MultiheadAttention(
          (dropout_module): FairseqDropout()
          (k_proj): Linear(in_features=512, out_features=512, bias=True)
          (v_proj): Linear(in_features=512, out_features=512, bias=True)
          (q_proj): Linear(in_features=512, out_features=512, bias=True)
          (out_proj): Linear(in_features=512, out_features=512, bias=True)
        )
        (activation_dropout_module): FairseqDropout()
        (self_attn_layer_norm): LayerNorm((512,), eps=1e-05, elementwise_affine=True)
        (encoder_attn): MultiheadAttention(
          (dropout_module): FairseqDropout()
          (k_proj): Linear(in_features=512, out_features=512, bias=True)
          (v_proj): Linear(in_features=512, out_features=512, bias=True)
          (q_proj): Linear(in_features=512, out_features=512, bias=True)
          (out_proj): Linear(in_features=512, out_features=512, bias=True)
        )
        (encoder_attn_layer_norm): LayerNorm((512,), eps=1e-05, elementwise_affine=True)
        (fc1): Linear(in_features=512, out_features=2048, bias=True)
        (fc2): Linear(in_features=2048, out_features=512, bias=True)
        (final_layer_norm): LayerNorm((512,), eps=1e-05, elementwise_affine=True)
      )
      (5): TransformerDecoderLayerBase(
        (dropout_module): FairseqDropout()
        (self_attn): MultiheadAttention(
          (dropout_module): FairseqDropout()
          (k_proj): Linear(in_features=512, out_features=512, bias=True)
          (v_proj): Linear(in_features=512, out_features=512, bias=True)
          (q_proj): Linear(in_features=512, out_features=512, bias=True)
          (out_proj): Linear(in_features=512, out_features=512, bias=True)
        )
        (activation_dropout_module): FairseqDropout()
        (self_attn_layer_norm): LayerNorm((512,), eps=1e-05, elementwise_affine=True)
        (encoder_attn): MultiheadAttention(
          (dropout_module): FairseqDropout()
          (k_proj): Linear(in_features=512, out_features=512, bias=True)
          (v_proj): Linear(in_features=512, out_features=512, bias=True)
          (q_proj): Linear(in_features=512, out_features=512, bias=True)
          (out_proj): Linear(in_features=512, out_features=512, bias=True)
        )
        (encoder_attn_layer_norm): LayerNorm((512,), eps=1e-05, elementwise_affine=True)
        (fc1): Linear(in_features=512, out_features=2048, bias=True)
        (fc2): Linear(in_features=2048, out_features=512, bias=True)
        (final_layer_norm): LayerNorm((512,), eps=1e-05, elementwise_affine=True)
      )
    )
    (output_projection): Linear(in_features=512, out_features=49992, bias=False)
  )
)
2022-03-19 18:46:33 | INFO | fairseq_cli.train | task: TranslationTask
2022-03-19 18:46:33 | INFO | fairseq_cli.train | model: TransformerModel
2022-03-19 18:46:33 | INFO | fairseq_cli.train | criterion: LabelSmoothedCrossEntropyCriterion
2022-03-19 18:46:33 | INFO | fairseq_cli.train | num. shared model params: 69,734,400 (num. trained: 69,734,400)
2022-03-19 18:46:33 | INFO | fairseq_cli.train | num. expert model params: 0 (num. trained: 0)
2022-03-19 18:46:33 | INFO | fairseq.data.data_utils | loaded 11,332 examples from: data/xsum-summarizer/valid.source-target.source
2022-03-19 18:46:33 | INFO | fairseq.data.data_utils | loaded 11,332 examples from: data/xsum-summarizer/valid.source-target.target
2022-03-19 18:46:33 | INFO | fairseq.tasks.translation | data/xsum-summarizer valid source-target 11332 examples
2022-03-19 18:48:00 | INFO | fairseq.trainer | detected shared parameter: encoder.embed_tokens.weight <- decoder.embed_tokens.weight
2022-03-19 18:48:00 | INFO | fairseq.trainer | detected shared parameter: encoder.embed_tokens.weight <- decoder.output_projection.weight
2022-03-19 18:48:00 | INFO | fairseq.utils | ***********************CUDA enviroments for all 1 workers***********************
2022-03-19 18:48:00 | INFO | fairseq.utils | rank   0: capabilities =  7.5  ; total memory = 10.761 GB ; name = NVIDIA GeForce RTX 2080 Ti              
2022-03-19 18:48:00 | INFO | fairseq.utils | ***********************CUDA enviroments for all 1 workers***********************
2022-03-19 18:48:00 | INFO | fairseq_cli.train | training on 1 devices (GPUs/TPUs)
2022-03-19 18:48:00 | INFO | fairseq_cli.train | max tokens per device = 4096 and max sentences per device = None
2022-03-19 18:48:00 | INFO | fairseq.trainer | Preparing to load checkpoint checkpoints/summarization_model/8/checkpoint_best.pt
2022-03-19 18:48:08 | INFO | fairseq.trainer | NOTE: your device may support faster training with --fp16 or --amp
2022-03-19 18:48:08 | INFO | fairseq.trainer | Loaded checkpoint checkpoints/summarization_model/8/checkpoint_best.pt (epoch 22 @ 8274 updates)
2022-03-19 18:48:08 | INFO | fairseq.trainer | loading train data for epoch 22
2022-03-19 18:48:09 | INFO | fairseq.data.data_utils | loaded 204,045 examples from: data/xsum-summarizer/train.source-target.source
2022-03-19 18:48:10 | INFO | fairseq.data.data_utils | loaded 204,045 examples from: data/xsum-summarizer/train.source-target.target
2022-03-19 18:48:10 | INFO | fairseq.tasks.translation | data/xsum-summarizer train source-target 204045 examples
2022-03-19 18:48:12 | INFO | fairseq.data.iterators | grouped total_num_itrs = 394
2022-03-19 18:48:12 | INFO | fairseq.trainer | begin training epoch 22
2022-03-19 18:48:12 | INFO | fairseq_cli.train | Start iterating over samples
2022-03-19 18:50:55 | INFO | train_inner | epoch 022:     26 / 394 loss=6.115, nll_loss=4.643, ppl=24.99, wps=2208.2, ups=0.17, wpb=13186.8, bsz=535.8, num_updates=8300, lr=4.85947e-05, gnorm=1.165, train_wall=156, gb_free=7.2, wall=175
2022-03-19 19:08:53 | INFO | train_inner | epoch 022:    126 / 394 loss=6.161, nll_loss=4.695, ppl=25.89, wps=1196, ups=0.09, wpb=12893.2, bsz=515.8, num_updates=8400, lr=4.83046e-05, gnorm=1.125, train_wall=586, gb_free=7.2, wall=1253
2022-03-19 19:22:37 | INFO | train_inner | epoch 022:    226 / 394 loss=6.167, nll_loss=4.701, ppl=26.01, wps=1569, ups=0.12, wpb=12925.1, bsz=515.2, num_updates=8500, lr=4.80196e-05, gnorm=1.134, train_wall=593, gb_free=7.2, wall=2077
2022-03-19 19:33:21 | INFO | train_inner | epoch 022:    326 / 394 loss=6.159, nll_loss=4.691, ppl=25.83, wps=2059.9, ups=0.16, wpb=13257.1, bsz=528.9, num_updates=8600, lr=4.77396e-05, gnorm=1.129, train_wall=580, gb_free=7.2, wall=2720
2022-03-19 19:40:20 | INFO | fairseq_cli.train | begin validation on "valid" subset
/cluster/work/cotterell/liam/fairseq/fairseq/utils.py:374: UserWarning: amp_C fused kernels unavailable, disabling multi_tensor_l2norm; you may get better performance by installing NVIDIA's apex library
  warnings.warn(
2022-03-19 19:41:16 | INFO | valid | epoch 022 | valid on 'valid' subset | loss 6.493 | nll_loss 5.04 | ppl 32.91 | wps 5300.9 | wpb 203.8 | bsz 8.1 | num_updates 8668 | best_loss 6.493
2022-03-19 19:41:16 | INFO | fairseq.checkpoint_utils | Preparing to save checkpoint for epoch 22 @ 8668 updates
2022-03-19 19:41:16 | INFO | fairseq.trainer | Saving checkpoint to /cluster/work/cotterell/liam/master-thesis/checkpoints/summarization_model/9/checkpoint_best.pt
2022-03-19 19:41:20 | INFO | fairseq.trainer | Finished saving checkpoint to /cluster/work/cotterell/liam/master-thesis/checkpoints/summarization_model/9/checkpoint_best.pt
2022-03-19 19:41:20 | INFO | fairseq.checkpoint_utils | Saved checkpoint checkpoints/summarization_model/9/checkpoint_best.pt (epoch 22 @ 8668 updates, score 6.493) (writing took 3.5484056808054447 seconds)
2022-03-19 19:41:20 | INFO | fairseq_cli.train | end of epoch 22 (average epoch stats below)
2022-03-19 19:41:20 | INFO | train | epoch 022 | loss 6.161 | nll_loss 4.694 | ppl 25.88 | wps 1604.6 | ups 0.12 | wpb 12960 | bsz 517.9 | num_updates 8668 | lr 4.7552e-05 | gnorm 1.136 | train_wall 2308 | gb_free 7.6 | wall 3200
2022-03-19 19:41:20 | INFO | fairseq.data.iterators | grouped total_num_itrs = 394
2022-03-19 19:41:20 | INFO | fairseq.trainer | begin training epoch 23
2022-03-19 19:41:20 | INFO | fairseq_cli.train | Start iterating over samples
2022-03-19 19:44:36 | INFO | train_inner | epoch 023:     32 / 394 loss=6.144, nll_loss=4.673, ppl=25.51, wps=1875.1, ups=0.15, wpb=12662.9, bsz=506.3, num_updates=8700, lr=4.74644e-05, gnorm=1.153, train_wall=575, gb_free=7.2, wall=3396
2022-03-19 19:54:53 | INFO | train_inner | epoch 023:    132 / 394 loss=6.102, nll_loss=4.626, ppl=24.69, wps=2121.4, ups=0.16, wpb=13100.4, bsz=522.4, num_updates=8800, lr=4.7194e-05, gnorm=1.143, train_wall=582, gb_free=7.2, wall=4013
2022-03-19 20:05:01 | INFO | train_inner | epoch 023:    232 / 394 loss=6.092, nll_loss=4.613, ppl=24.48, wps=2126.4, ups=0.16, wpb=12910.7, bsz=518.1, num_updates=8900, lr=4.69281e-05, gnorm=1.119, train_wall=576, gb_free=7.2, wall=4620
2022-03-19 20:15:22 | INFO | train_inner | epoch 023:    332 / 394 loss=6.099, nll_loss=4.62, ppl=24.59, wps=2106.9, ups=0.16, wpb=13102, bsz=523.4, num_updates=9000, lr=4.66667e-05, gnorm=1.12, train_wall=583, gb_free=6.6, wall=5242
2022-03-19 20:21:41 | INFO | fairseq_cli.train | begin validation on "valid" subset
2022-03-19 20:22:37 | INFO | valid | epoch 023 | valid on 'valid' subset | loss 6.451 | nll_loss 4.979 | ppl 31.54 | wps 5260.9 | wpb 203.8 | bsz 8.1 | num_updates 9062 | best_loss 6.451
2022-03-19 20:22:37 | INFO | fairseq.checkpoint_utils | Preparing to save checkpoint for epoch 23 @ 9062 updates
2022-03-19 20:22:37 | INFO | fairseq.trainer | Saving checkpoint to /cluster/work/cotterell/liam/master-thesis/checkpoints/summarization_model/9/checkpoint_best.pt
2022-03-19 20:22:40 | INFO | fairseq.trainer | Finished saving checkpoint to /cluster/work/cotterell/liam/master-thesis/checkpoints/summarization_model/9/checkpoint_best.pt
2022-03-19 20:22:40 | INFO | fairseq.checkpoint_utils | Saved checkpoint checkpoints/summarization_model/9/checkpoint_best.pt (epoch 23 @ 9062 updates, score 6.451) (writing took 2.9002642389386892 seconds)
2022-03-19 20:22:40 | INFO | fairseq_cli.train | end of epoch 23 (average epoch stats below)
2022-03-19 20:22:40 | INFO | train | epoch 023 | loss 6.098 | nll_loss 4.62 | ppl 24.59 | wps 2058.6 | ups 0.16 | wpb 12960 | bsz 517.9 | num_updates 9062 | lr 4.65068e-05 | gnorm 1.134 | train_wall 2277 | gb_free 7.2 | wall 5680
2022-03-19 20:22:41 | INFO | fairseq.data.iterators | grouped total_num_itrs = 394
2022-03-19 20:22:41 | INFO | fairseq.trainer | begin training epoch 24
2022-03-19 20:22:41 | INFO | fairseq_cli.train | Start iterating over samples
2022-03-19 20:30:33 | INFO | train_inner | epoch 024:     38 / 394 loss=6.079, nll_loss=4.597, ppl=24.21, wps=1411, ups=0.11, wpb=12847.6, bsz=510.8, num_updates=9100, lr=4.64095e-05, gnorm=1.15, train_wall=576, gb_free=7.2, wall=6153
2022-03-19 20:46:04 | INFO | train_inner | epoch 024:    138 / 394 loss=6.036, nll_loss=4.549, ppl=23.4, wps=1410.8, ups=0.11, wpb=13142.3, bsz=524.9, num_updates=9200, lr=4.61566e-05, gnorm=1.143, train_wall=591, gb_free=7.2, wall=7084
2022-03-19 20:57:39 | INFO | train_inner | epoch 024:    238 / 394 loss=6.044, nll_loss=4.556, ppl=23.52, wps=1852.7, ups=0.14, wpb=12873.2, bsz=513.9, num_updates=9300, lr=4.59078e-05, gnorm=1.141, train_wall=582, gb_free=7.2, wall=7779
2022-03-19 21:08:06 | INFO | train_inner | epoch 024:    338 / 394 loss=6.032, nll_loss=4.542, ppl=23.3, wps=2050.7, ups=0.16, wpb=12853.3, bsz=515.3, num_updates=9400, lr=4.5663e-05, gnorm=1.147, train_wall=579, gb_free=7.2, wall=8406
2022-03-19 21:13:54 | INFO | fairseq_cli.train | begin validation on "valid" subset
2022-03-19 21:14:53 | INFO | valid | epoch 024 | valid on 'valid' subset | loss 6.427 | nll_loss 4.958 | ppl 31.08 | wps 5147.3 | wpb 203.8 | bsz 8.1 | num_updates 9456 | best_loss 6.427
2022-03-19 21:14:53 | INFO | fairseq.checkpoint_utils | Preparing to save checkpoint for epoch 24 @ 9456 updates
2022-03-19 21:14:53 | INFO | fairseq.trainer | Saving checkpoint to /cluster/work/cotterell/liam/master-thesis/checkpoints/summarization_model/9/checkpoint_best.pt
2022-03-19 21:14:56 | INFO | fairseq.trainer | Finished saving checkpoint to /cluster/work/cotterell/liam/master-thesis/checkpoints/summarization_model/9/checkpoint_best.pt
2022-03-19 21:14:56 | INFO | fairseq.checkpoint_utils | Saved checkpoint checkpoints/summarization_model/9/checkpoint_best.pt (epoch 24 @ 9456 updates, score 6.427) (writing took 3.30540113709867 seconds)
2022-03-19 21:14:56 | INFO | fairseq_cli.train | end of epoch 24 (average epoch stats below)
2022-03-19 21:14:56 | INFO | train | epoch 024 | loss 6.039 | nll_loss 4.551 | ppl 23.44 | wps 1628.2 | ups 0.13 | wpb 12960 | bsz 517.9 | num_updates 9456 | lr 4.55276e-05 | gnorm 1.145 | train_wall 2301 | gb_free 7.2 | wall 8816
2022-03-19 21:14:57 | INFO | fairseq.data.iterators | grouped total_num_itrs = 394
2022-03-19 21:14:57 | INFO | fairseq.trainer | begin training epoch 25
2022-03-19 21:14:57 | INFO | fairseq_cli.train | Start iterating over samples
2022-03-19 21:20:06 | INFO | train_inner | epoch 025:     44 / 394 loss=6.021, nll_loss=4.529, ppl=23.09, wps=1790.4, ups=0.14, wpb=12894, bsz=515.3, num_updates=9500, lr=4.5422e-05, gnorm=1.143, train_wall=579, gb_free=7.2, wall=9126
2022-03-19 21:36:55 | INFO | train_inner | epoch 025:    144 / 394 loss=5.974, nll_loss=4.475, ppl=22.24, wps=1289.6, ups=0.1, wpb=13009.1, bsz=520.3, num_updates=9600, lr=4.51848e-05, gnorm=1.152, train_wall=598, gb_free=7.2, wall=10135
2022-03-19 21:48:36 | INFO | train_inner | epoch 025:    244 / 394 loss=5.991, nll_loss=4.494, ppl=22.54, wps=1859.9, ups=0.14, wpb=13039.5, bsz=520.8, num_updates=9700, lr=4.49513e-05, gnorm=1.134, train_wall=585, gb_free=7.2, wall=10836
2022-03-19 21:59:21 | INFO | train_inner | epoch 025:    344 / 394 loss=5.981, nll_loss=4.481, ppl=22.33, wps=2005.3, ups=0.16, wpb=12924.3, bsz=518, num_updates=9800, lr=4.47214e-05, gnorm=1.157, train_wall=590, gb_free=7.2, wall=11481
2022-03-19 22:04:29 | INFO | fairseq_cli.train | begin validation on "valid" subset
2022-03-19 22:05:26 | INFO | valid | epoch 025 | valid on 'valid' subset | loss 6.412 | nll_loss 4.925 | ppl 30.39 | wps 5326.1 | wpb 203.8 | bsz 8.1 | num_updates 9850 | best_loss 6.412
2022-03-19 22:05:26 | INFO | fairseq.checkpoint_utils | Preparing to save checkpoint for epoch 25 @ 9850 updates
2022-03-19 22:05:26 | INFO | fairseq.trainer | Saving checkpoint to /cluster/work/cotterell/liam/master-thesis/checkpoints/summarization_model/9/checkpoint_best.pt
2022-03-19 22:05:29 | INFO | fairseq.trainer | Finished saving checkpoint to /cluster/work/cotterell/liam/master-thesis/checkpoints/summarization_model/9/checkpoint_best.pt
2022-03-19 22:05:29 | INFO | fairseq.checkpoint_utils | Saved checkpoint checkpoints/summarization_model/9/checkpoint_best.pt (epoch 25 @ 9850 updates, score 6.412) (writing took 3.3687391467392445 seconds)
2022-03-19 22:05:29 | INFO | fairseq_cli.train | end of epoch 25 (average epoch stats below)
2022-03-19 22:05:29 | INFO | train | epoch 025 | loss 5.984 | nll_loss 4.486 | ppl 22.41 | wps 1683.4 | ups 0.13 | wpb 12960 | bsz 517.9 | num_updates 9850 | lr 4.46077e-05 | gnorm 1.153 | train_wall 2316 | gb_free 7.2 | wall 11849
2022-03-19 22:05:30 | INFO | fairseq.data.iterators | grouped total_num_itrs = 394
2022-03-19 22:05:30 | INFO | fairseq.trainer | begin training epoch 26
2022-03-19 22:05:30 | INFO | fairseq_cli.train | Start iterating over samples
2022-03-19 22:10:45 | INFO | train_inner | epoch 026:     50 / 394 loss=5.96, nll_loss=4.458, ppl=21.98, wps=1886.8, ups=0.15, wpb=12909.5, bsz=512.8, num_updates=9900, lr=4.44949e-05, gnorm=1.187, train_wall=586, gb_free=6.5, wall=12165
2022-03-19 22:21:17 | INFO | train_inner | epoch 026:    150 / 394 loss=5.923, nll_loss=4.415, ppl=21.34, wps=2051.6, ups=0.16, wpb=12963.2, bsz=520.5, num_updates=10000, lr=4.42719e-05, gnorm=1.143, train_wall=589, gb_free=7.2, wall=12797
2022-03-19 22:31:34 | INFO | train_inner | epoch 026:    250 / 394 loss=5.929, nll_loss=4.421, ppl=21.42, wps=2105.4, ups=0.16, wpb=12990.1, bsz=519.4, num_updates=10100, lr=4.40522e-05, gnorm=1.168, train_wall=583, gb_free=7.2, wall=13414
2022-03-19 22:41:49 | INFO | train_inner | epoch 026:    350 / 394 loss=5.941, nll_loss=4.435, ppl=21.63, wps=2107.4, ups=0.16, wpb=12970.5, bsz=517, num_updates=10200, lr=4.38357e-05, gnorm=1.173, train_wall=582, gb_free=7.2, wall=14029
2022-03-19 22:46:17 | INFO | fairseq_cli.train | begin validation on "valid" subset
2022-03-19 22:47:15 | INFO | valid | epoch 026 | valid on 'valid' subset | loss 6.392 | nll_loss 4.899 | ppl 29.84 | wps 5291.5 | wpb 203.8 | bsz 8.1 | num_updates 10244 | best_loss 6.392
2022-03-19 22:47:15 | INFO | fairseq.checkpoint_utils | Preparing to save checkpoint for epoch 26 @ 10244 updates
2022-03-19 22:47:15 | INFO | fairseq.trainer | Saving checkpoint to /cluster/work/cotterell/liam/master-thesis/checkpoints/summarization_model/9/checkpoint_best.pt
2022-03-19 22:47:18 | INFO | fairseq.trainer | Finished saving checkpoint to /cluster/work/cotterell/liam/master-thesis/checkpoints/summarization_model/9/checkpoint_best.pt
2022-03-19 22:47:18 | INFO | fairseq.checkpoint_utils | Saved checkpoint checkpoints/summarization_model/9/checkpoint_best.pt (epoch 26 @ 10244 updates, score 6.392) (writing took 3.0401374753564596 seconds)
2022-03-19 22:47:18 | INFO | fairseq_cli.train | end of epoch 26 (average epoch stats below)
2022-03-19 22:47:18 | INFO | train | epoch 026 | loss 5.931 | nll_loss 4.424 | ppl 21.46 | wps 2035.8 | ups 0.16 | wpb 12960 | bsz 517.9 | num_updates 10244 | lr 4.37415e-05 | gnorm 1.166 | train_wall 2301 | gb_free 7.2 | wall 14358
2022-03-19 22:47:18 | INFO | fairseq.data.iterators | grouped total_num_itrs = 394
2022-03-19 22:47:18 | INFO | fairseq.trainer | begin training epoch 27
2022-03-19 22:47:18 | INFO | fairseq_cli.train | Start iterating over samples
2022-03-19 22:54:52 | INFO | train_inner | epoch 027:     56 / 394 loss=5.904, nll_loss=4.392, ppl=20.99, wps=1648.2, ups=0.13, wpb=12900.6, bsz=514.6, num_updates=10300, lr=4.36224e-05, gnorm=1.175, train_wall=583, gb_free=7.2, wall=14812
2022-03-19 23:10:32 | INFO | train_inner | epoch 027:    156 / 394 loss=5.869, nll_loss=4.352, ppl=20.42, wps=1395.1, ups=0.11, wpb=13118.6, bsz=525.8, num_updates=10400, lr=4.34122e-05, gnorm=1.169, train_wall=589, gb_free=7.2, wall=15752
2022-03-19 23:22:09 | INFO | train_inner | epoch 027:    256 / 394 loss=5.889, nll_loss=4.374, ppl=20.73, wps=1841.7, ups=0.14, wpb=12834.7, bsz=512.9, num_updates=10500, lr=4.32049e-05, gnorm=1.182, train_wall=581, gb_free=7.2, wall=16449
2022-03-19 23:32:48 | INFO | train_inner | epoch 027:    356 / 394 loss=5.88, nll_loss=4.363, ppl=20.58, wps=2040.9, ups=0.16, wpb=13029.8, bsz=519.1, num_updates=10600, lr=4.30007e-05, gnorm=1.182, train_wall=586, gb_free=7.2, wall=17088
2022-03-19 23:36:36 | INFO | fairseq_cli.train | begin validation on "valid" subset
2022-03-19 23:37:32 | INFO | valid | epoch 027 | valid on 'valid' subset | loss 6.364 | nll_loss 4.871 | ppl 29.25 | wps 5354.4 | wpb 203.8 | bsz 8.1 | num_updates 10638 | best_loss 6.364
2022-03-19 23:37:32 | INFO | fairseq.checkpoint_utils | Preparing to save checkpoint for epoch 27 @ 10638 updates
2022-03-19 23:37:32 | INFO | fairseq.trainer | Saving checkpoint to /cluster/work/cotterell/liam/master-thesis/checkpoints/summarization_model/9/checkpoint_best.pt
2022-03-19 23:37:35 | INFO | fairseq.trainer | Finished saving checkpoint to /cluster/work/cotterell/liam/master-thesis/checkpoints/summarization_model/9/checkpoint_best.pt
2022-03-19 23:37:35 | INFO | fairseq.checkpoint_utils | Saved checkpoint checkpoints/summarization_model/9/checkpoint_best.pt (epoch 27 @ 10638 updates, score 6.364) (writing took 3.0274573136121035 seconds)
2022-03-19 23:37:35 | INFO | fairseq_cli.train | end of epoch 27 (average epoch stats below)
2022-03-19 23:37:35 | INFO | train | epoch 027 | loss 5.881 | nll_loss 4.365 | ppl 20.61 | wps 1692.2 | ups 0.13 | wpb 12960 | bsz 517.9 | num_updates 10638 | lr 4.29238e-05 | gnorm 1.179 | train_wall 2306 | gb_free 7.2 | wall 17375
2022-03-19 23:37:36 | INFO | fairseq.data.iterators | grouped total_num_itrs = 394
2022-03-19 23:37:36 | INFO | fairseq.trainer | begin training epoch 28
2022-03-19 23:37:36 | INFO | fairseq_cli.train | Start iterating over samples
2022-03-19 23:45:13 | INFO | train_inner | epoch 028:     62 / 394 loss=5.849, nll_loss=4.328, ppl=20.08, wps=1745.4, ups=0.13, wpb=13008.9, bsz=521.5, num_updates=10700, lr=4.27992e-05, gnorm=1.182, train_wall=578, gb_free=7.2, wall=17833
2022-03-20 00:01:34 | INFO | train_inner | epoch 028:    162 / 394 loss=5.832, nll_loss=4.309, ppl=19.82, wps=1317, ups=0.1, wpb=12919.5, bsz=515.3, num_updates=10800, lr=4.26006e-05, gnorm=1.175, train_wall=596, gb_free=7.2, wall=18814
2022-03-20 00:13:02 | INFO | train_inner | epoch 028:    262 / 394 loss=5.839, nll_loss=4.315, ppl=19.91, wps=1869.4, ups=0.15, wpb=12860.6, bsz=513.8, num_updates=10900, lr=4.24048e-05, gnorm=1.166, train_wall=582, gb_free=6.8, wall=19502
2022-03-20 00:24:04 | INFO | train_inner | epoch 028:    362 / 394 loss=5.836, nll_loss=4.311, ppl=19.85, wps=1972, ups=0.15, wpb=13064.1, bsz=521.2, num_updates=11000, lr=4.22116e-05, gnorm=1.185, train_wall=595, gb_free=7.2, wall=20164
2022-03-20 00:27:21 | INFO | fairseq_cli.train | begin validation on "valid" subset
2022-03-20 00:28:16 | INFO | valid | epoch 028 | valid on 'valid' subset | loss 6.363 | nll_loss 4.864 | ppl 29.12 | wps 5359.8 | wpb 203.8 | bsz 8.1 | num_updates 11032 | best_loss 6.363
2022-03-20 00:28:16 | INFO | fairseq.checkpoint_utils | Preparing to save checkpoint for epoch 28 @ 11032 updates
2022-03-20 00:28:16 | INFO | fairseq.trainer | Saving checkpoint to /cluster/work/cotterell/liam/master-thesis/checkpoints/summarization_model/9/checkpoint_best.pt
2022-03-20 00:28:20 | INFO | fairseq.trainer | Finished saving checkpoint to /cluster/work/cotterell/liam/master-thesis/checkpoints/summarization_model/9/checkpoint_best.pt
2022-03-20 00:28:20 | INFO | fairseq.checkpoint_utils | Saved checkpoint checkpoints/summarization_model/9/checkpoint_best.pt (epoch 28 @ 11032 updates, score 6.363) (writing took 3.3248484898358583 seconds)
2022-03-20 00:28:20 | INFO | fairseq_cli.train | end of epoch 28 (average epoch stats below)
2022-03-20 00:28:20 | INFO | train | epoch 028 | loss 5.833 | nll_loss 4.308 | ppl 19.81 | wps 1677.2 | ups 0.13 | wpb 12960 | bsz 517.9 | num_updates 11032 | lr 4.21503e-05 | gnorm 1.178 | train_wall 2320 | gb_free 7.2 | wall 20420
2022-03-20 00:28:20 | INFO | fairseq.data.iterators | grouped total_num_itrs = 394
2022-03-20 00:28:20 | INFO | fairseq.trainer | begin training epoch 29
2022-03-20 00:28:20 | INFO | fairseq_cli.train | Start iterating over samples
2022-03-20 00:49:12 | INFO | train_inner | epoch 029:     68 / 394 loss=5.796, nll_loss=4.266, ppl=19.24, wps=850.2, ups=0.07, wpb=12821.5, bsz=513.1, num_updates=11100, lr=4.2021e-05, gnorm=1.194, train_wall=766, gb_free=7.2, wall=21672
2022-03-20 01:03:31 | INFO | train_inner | epoch 029:    168 / 394 loss=5.789, nll_loss=4.257, ppl=19.12, wps=1514.7, ups=0.12, wpb=13007.8, bsz=518.2, num_updates=11200, lr=4.1833e-05, gnorm=1.191, train_wall=594, gb_free=5.5, wall=22531
2022-03-20 01:14:43 | INFO | train_inner | epoch 029:    268 / 394 loss=5.793, nll_loss=4.261, ppl=19.17, wps=1947.6, ups=0.15, wpb=13083.2, bsz=521, num_updates=11300, lr=4.16475e-05, gnorm=1.169, train_wall=583, gb_free=7.2, wall=23203
2022-03-20 01:31:05 | INFO | train_inner | epoch 029:    368 / 394 loss=5.789, nll_loss=4.256, ppl=19.11, wps=1311.9, ups=0.1, wpb=12882.9, bsz=517.1, num_updates=11400, lr=4.14644e-05, gnorm=1.195, train_wall=811, gb_free=7.2, wall=24185
2022-03-20 01:35:28 | INFO | fairseq_cli.train | begin validation on "valid" subset
2022-03-20 01:36:23 | INFO | valid | epoch 029 | valid on 'valid' subset | loss 6.342 | nll_loss 4.842 | ppl 28.68 | wps 5401.6 | wpb 203.8 | bsz 8.1 | num_updates 11426 | best_loss 6.342
2022-03-20 01:36:23 | INFO | fairseq.checkpoint_utils | Preparing to save checkpoint for epoch 29 @ 11426 updates
2022-03-20 01:36:23 | INFO | fairseq.trainer | Saving checkpoint to /cluster/work/cotterell/liam/master-thesis/checkpoints/summarization_model/9/checkpoint_best.pt
2022-03-20 01:36:26 | INFO | fairseq.trainer | Finished saving checkpoint to /cluster/work/cotterell/liam/master-thesis/checkpoints/summarization_model/9/checkpoint_best.pt
2022-03-20 01:36:26 | INFO | fairseq.checkpoint_utils | Saved checkpoint checkpoints/summarization_model/9/checkpoint_best.pt (epoch 29 @ 11426 updates, score 6.342) (writing took 3.3111938163638115 seconds)
2022-03-20 01:36:26 | INFO | fairseq_cli.train | end of epoch 29 (average epoch stats below)
2022-03-20 01:36:26 | INFO | train | epoch 029 | loss 5.787 | nll_loss 4.254 | ppl 19.08 | wps 1249.5 | ups 0.1 | wpb 12960 | bsz 517.9 | num_updates 11426 | lr 4.14172e-05 | gnorm 1.184 | train_wall 2722 | gb_free 7.2 | wall 24506
2022-03-20 01:36:27 | INFO | fairseq.data.iterators | grouped total_num_itrs = 394
2022-03-20 01:36:27 | INFO | fairseq.trainer | begin training epoch 30
2022-03-20 01:36:27 | INFO | fairseq_cli.train | Start iterating over samples
2022-03-20 01:46:37 | INFO | train_inner | epoch 030:     74 / 394 loss=5.752, nll_loss=4.214, ppl=18.56, wps=1361.5, ups=0.11, wpb=12692.1, bsz=506.1, num_updates=11500, lr=4.12837e-05, gnorm=1.184, train_wall=590, gb_free=7.2, wall=25117
2022-03-20 01:58:36 | INFO | train_inner | epoch 030:    174 / 394 loss=5.733, nll_loss=4.192, ppl=18.27, wps=1794.2, ups=0.14, wpb=12898.4, bsz=517.3, num_updates=11600, lr=4.11054e-05, gnorm=1.186, train_wall=593, gb_free=7.2, wall=25836
2022-03-20 02:09:50 | INFO | train_inner | epoch 030:    274 / 394 loss=5.747, nll_loss=4.207, ppl=18.47, wps=1946.3, ups=0.15, wpb=13112, bsz=522.2, num_updates=11700, lr=4.09294e-05, gnorm=1.19, train_wall=591, gb_free=7.2, wall=26510
2022-03-20 02:20:26 | INFO | train_inner | epoch 030:    374 / 394 loss=5.747, nll_loss=4.205, ppl=18.45, wps=2059.4, ups=0.16, wpb=13104.7, bsz=523.9, num_updates=11800, lr=4.07556e-05, gnorm=1.187, train_wall=587, gb_free=7.2, wall=27146
2022-03-20 02:22:22 | INFO | fairseq_cli.train | begin validation on "valid" subset
2022-03-20 02:23:17 | INFO | valid | epoch 030 | valid on 'valid' subset | loss 6.339 | nll_loss 4.834 | ppl 28.51 | wps 5433.3 | wpb 203.8 | bsz 8.1 | num_updates 11820 | best_loss 6.339
2022-03-20 02:23:17 | INFO | fairseq.checkpoint_utils | Preparing to save checkpoint for epoch 30 @ 11820 updates
2022-03-20 02:23:17 | INFO | fairseq.trainer | Saving checkpoint to /cluster/work/cotterell/liam/master-thesis/checkpoints/summarization_model/9/checkpoint_best.pt
2022-03-20 02:23:19 | INFO | fairseq.trainer | Finished saving checkpoint to /cluster/work/cotterell/liam/master-thesis/checkpoints/summarization_model/9/checkpoint_best.pt
2022-03-20 02:23:20 | INFO | fairseq.checkpoint_utils | Saved checkpoint checkpoints/summarization_model/9/checkpoint_best.pt (epoch 30 @ 11820 updates, score 6.339) (writing took 2.794486079365015 seconds)
2022-03-20 02:23:20 | INFO | fairseq_cli.train | end of epoch 30 (average epoch stats below)
2022-03-20 02:23:20 | INFO | train | epoch 030 | loss 5.742 | nll_loss 4.201 | ppl 18.39 | wps 1815.2 | ups 0.14 | wpb 12960 | bsz 517.9 | num_updates 11820 | lr 4.07211e-05 | gnorm 1.187 | train_wall 2319 | gb_free 7.2 | wall 27319
2022-03-20 02:23:20 | INFO | fairseq.data.iterators | grouped total_num_itrs = 394
2022-03-20 02:23:20 | INFO | fairseq.trainer | begin training epoch 31
2022-03-20 02:23:20 | INFO | fairseq_cli.train | Start iterating over samples
2022-03-20 02:35:33 | INFO | train_inner | epoch 031:     80 / 394 loss=5.686, nll_loss=4.137, ppl=17.59, wps=1419, ups=0.11, wpb=12866.7, bsz=517.1, num_updates=11900, lr=4.0584e-05, gnorm=1.198, train_wall=580, gb_free=7.2, wall=28053
2022-03-20 02:50:01 | INFO | train_inner | epoch 031:    180 / 394 loss=5.703, nll_loss=4.155, ppl=17.82, wps=1474.7, ups=0.12, wpb=12799, bsz=510.5, num_updates=12000, lr=4.04145e-05, gnorm=1.221, train_wall=591, gb_free=7.2, wall=28921
2022-03-20 03:01:18 | INFO | train_inner | epoch 031:    280 / 394 loss=5.714, nll_loss=4.167, ppl=17.97, wps=1928.6, ups=0.15, wpb=13055.3, bsz=519, num_updates=12100, lr=4.02472e-05, gnorm=1.205, train_wall=581, gb_free=7.2, wall=29598
2022-03-20 03:11:50 | INFO | train_inner | epoch 031:    380 / 394 loss=5.699, nll_loss=4.149, ppl=17.75, wps=2070.6, ups=0.16, wpb=13092.2, bsz=525.2, num_updates=12200, lr=4.00819e-05, gnorm=1.187, train_wall=586, gb_free=7.2, wall=30230
2022-03-20 03:13:11 | INFO | fairseq_cli.train | begin validation on "valid" subset
2022-03-20 03:14:07 | INFO | valid | epoch 031 | valid on 'valid' subset | loss 6.328 | nll_loss 4.82 | ppl 28.25 | wps 5353.3 | wpb 203.8 | bsz 8.1 | num_updates 12214 | best_loss 6.328
2022-03-20 03:14:07 | INFO | fairseq.checkpoint_utils | Preparing to save checkpoint for epoch 31 @ 12214 updates
2022-03-20 03:14:07 | INFO | fairseq.trainer | Saving checkpoint to /cluster/work/cotterell/liam/master-thesis/checkpoints/summarization_model/9/checkpoint_best.pt
2022-03-20 03:14:10 | INFO | fairseq.trainer | Finished saving checkpoint to /cluster/work/cotterell/liam/master-thesis/checkpoints/summarization_model/9/checkpoint_best.pt
2022-03-20 03:14:10 | INFO | fairseq.checkpoint_utils | Saved checkpoint checkpoints/summarization_model/9/checkpoint_best.pt (epoch 31 @ 12214 updates, score 6.328) (writing took 2.6092576906085014 seconds)
2022-03-20 03:14:10 | INFO | fairseq_cli.train | end of epoch 31 (average epoch stats below)
2022-03-20 03:14:10 | INFO | train | epoch 031 | loss 5.7 | nll_loss 4.151 | ppl 17.77 | wps 1674.1 | ups 0.13 | wpb 12960 | bsz 517.9 | num_updates 12214 | lr 4.00589e-05 | gnorm 1.205 | train_wall 2303 | gb_free 7.2 | wall 30370
2022-03-20 03:14:10 | INFO | fairseq.data.iterators | grouped total_num_itrs = 394
2022-03-20 03:14:10 | INFO | fairseq.trainer | begin training epoch 32
2022-03-20 03:14:10 | INFO | fairseq_cli.train | Start iterating over samples
2022-03-20 03:26:44 | INFO | train_inner | epoch 032:     86 / 394 loss=5.658, nll_loss=4.104, ppl=17.2, wps=1443.3, ups=0.11, wpb=12904.2, bsz=514.5, num_updates=12300, lr=3.99186e-05, gnorm=1.218, train_wall=579, gb_free=7.2, wall=31124
2022-03-20 03:40:36 | INFO | train_inner | epoch 032:    186 / 394 loss=5.651, nll_loss=4.095, ppl=17.09, wps=1551.8, ups=0.12, wpb=12914.6, bsz=518.6, num_updates=12400, lr=3.97573e-05, gnorm=1.221, train_wall=587, gb_free=7.2, wall=31956
2022-03-20 03:51:45 | INFO | train_inner | epoch 032:    286 / 394 loss=5.654, nll_loss=4.097, ppl=17.11, wps=1954.4, ups=0.15, wpb=13073.1, bsz=524.4, num_updates=12500, lr=3.9598e-05, gnorm=1.198, train_wall=585, gb_free=6.6, wall=32625
2022-03-20 04:02:12 | INFO | train_inner | epoch 032:    386 / 394 loss=5.679, nll_loss=4.125, ppl=17.45, wps=2080.6, ups=0.16, wpb=13036.5, bsz=517, num_updates=12600, lr=3.94405e-05, gnorm=1.229, train_wall=580, gb_free=7.2, wall=33252
2022-03-20 04:02:55 | INFO | fairseq_cli.train | begin validation on "valid" subset
2022-03-20 04:03:50 | INFO | valid | epoch 032 | valid on 'valid' subset | loss 6.312 | nll_loss 4.798 | ppl 27.81 | wps 5397.7 | wpb 203.8 | bsz 8.1 | num_updates 12608 | best_loss 6.312
2022-03-20 04:03:50 | INFO | fairseq.checkpoint_utils | Preparing to save checkpoint for epoch 32 @ 12608 updates
2022-03-20 04:03:50 | INFO | fairseq.trainer | Saving checkpoint to /cluster/work/cotterell/liam/master-thesis/checkpoints/summarization_model/9/checkpoint_best.pt
2022-03-20 04:03:53 | INFO | fairseq.trainer | Finished saving checkpoint to /cluster/work/cotterell/liam/master-thesis/checkpoints/summarization_model/9/checkpoint_best.pt
2022-03-20 04:03:53 | INFO | fairseq.checkpoint_utils | Saved checkpoint checkpoints/summarization_model/9/checkpoint_best.pt (epoch 32 @ 12608 updates, score 6.312) (writing took 2.9086969569325447 seconds)
2022-03-20 04:03:53 | INFO | fairseq_cli.train | end of epoch 32 (average epoch stats below)
2022-03-20 04:03:53 | INFO | train | epoch 032 | loss 5.659 | nll_loss 4.103 | ppl 17.19 | wps 1711.7 | ups 0.13 | wpb 12960 | bsz 517.9 | num_updates 12608 | lr 3.9428e-05 | gnorm 1.217 | train_wall 2297 | gb_free 7.2 | wall 33353
2022-03-20 04:03:53 | INFO | fairseq.data.iterators | grouped total_num_itrs = 394
2022-03-20 04:03:53 | INFO | fairseq.trainer | begin training epoch 33
2022-03-20 04:03:53 | INFO | fairseq_cli.train | Start iterating over samples
2022-03-20 04:13:40 | INFO | train_inner | epoch 033:     92 / 394 loss=5.608, nll_loss=4.044, ppl=16.5, wps=1870.7, ups=0.15, wpb=12870.9, bsz=514.2, num_updates=12700, lr=3.92849e-05, gnorm=1.235, train_wall=574, gb_free=7.2, wall=33940
2022-03-20 04:24:18 | INFO | train_inner | epoch 033:    192 / 394 loss=5.616, nll_loss=4.053, ppl=16.6, wps=2047.7, ups=0.16, wpb=13071, bsz=523.5, num_updates=12800, lr=3.91312e-05, gnorm=1.202, train_wall=585, gb_free=7.2, wall=34578
2022-03-20 04:34:44 | INFO | train_inner | epoch 033:    292 / 394 loss=5.622, nll_loss=4.06, ppl=16.67, wps=2062, ups=0.16, wpb=12897.2, bsz=515.9, num_updates=12900, lr=3.89792e-05, gnorm=1.224, train_wall=579, gb_free=7.2, wall=35204
2022-03-20 04:45:10 | INFO | train_inner | epoch 033:    392 / 394 loss=5.634, nll_loss=4.073, ppl=16.83, wps=2069.3, ups=0.16, wpb=12970.6, bsz=517.4, num_updates=13000, lr=3.8829e-05, gnorm=1.218, train_wall=587, gb_free=7.2, wall=35830
2022-03-20 04:45:18 | INFO | fairseq_cli.train | begin validation on "valid" subset
2022-03-20 04:46:13 | INFO | valid | epoch 033 | valid on 'valid' subset | loss 6.308 | nll_loss 4.789 | ppl 27.65 | wps 5355.3 | wpb 203.8 | bsz 8.1 | num_updates 13002 | best_loss 6.308
2022-03-20 04:46:13 | INFO | fairseq.checkpoint_utils | Preparing to save checkpoint for epoch 33 @ 13002 updates
2022-03-20 04:46:13 | INFO | fairseq.trainer | Saving checkpoint to /cluster/work/cotterell/liam/master-thesis/checkpoints/summarization_model/9/checkpoint_best.pt
2022-03-20 04:46:16 | INFO | fairseq.trainer | Finished saving checkpoint to /cluster/work/cotterell/liam/master-thesis/checkpoints/summarization_model/9/checkpoint_best.pt
2022-03-20 04:46:16 | INFO | fairseq.checkpoint_utils | Saved checkpoint checkpoints/summarization_model/9/checkpoint_best.pt (epoch 33 @ 13002 updates, score 6.308) (writing took 3.1642282027751207 seconds)
2022-03-20 04:46:16 | INFO | fairseq_cli.train | end of epoch 33 (average epoch stats below)
2022-03-20 04:46:16 | INFO | train | epoch 033 | loss 5.619 | nll_loss 4.056 | ppl 16.64 | wps 2007.9 | ups 0.15 | wpb 12960 | bsz 517.9 | num_updates 13002 | lr 3.8826e-05 | gnorm 1.22 | train_wall 2291 | gb_free 7.2 | wall 35896
2022-03-20 04:46:16 | INFO | fairseq.data.iterators | grouped total_num_itrs = 394
2022-03-20 04:46:16 | INFO | fairseq.trainer | begin training epoch 34
2022-03-20 04:46:16 | INFO | fairseq_cli.train | Start iterating over samples
2022-03-20 05:00:52 | INFO | train_inner | epoch 034:     98 / 394 loss=5.574, nll_loss=4.004, ppl=16.05, wps=1362.8, ups=0.11, wpb=12824.8, bsz=512.9, num_updates=13100, lr=3.86805e-05, gnorm=1.239, train_wall=583, gb_free=7.2, wall=36771
2022-03-20 05:14:01 | INFO | train_inner | epoch 034:    198 / 394 loss=5.574, nll_loss=4.004, ppl=16.04, wps=1607.8, ups=0.13, wpb=12693, bsz=507.8, num_updates=13200, lr=3.85337e-05, gnorm=1.227, train_wall=583, gb_free=7.2, wall=37561
2022-03-20 05:24:55 | INFO | train_inner | epoch 034:    298 / 394 loss=5.593, nll_loss=4.025, ppl=16.27, wps=2002, ups=0.15, wpb=13093.4, bsz=521.8, num_updates=13300, lr=3.83886e-05, gnorm=1.245, train_wall=583, gb_free=7.2, wall=38215
2022-03-20 05:34:50 | INFO | fairseq_cli.train | begin validation on "valid" subset
2022-03-20 05:35:45 | INFO | valid | epoch 034 | valid on 'valid' subset | loss 6.309 | nll_loss 4.788 | ppl 27.63 | wps 5401.5 | wpb 203.8 | bsz 8.1 | num_updates 13396 | best_loss 6.308
2022-03-20 05:35:45 | INFO | fairseq.checkpoint_utils | Preparing to save checkpoint for epoch 34 @ 13396 updates
2022-03-20 05:35:45 | INFO | fairseq_cli.train | end of epoch 34 (average epoch stats below)
2022-03-20 05:35:45 | INFO | train | epoch 034 | loss 5.581 | nll_loss 4.011 | ppl 16.12 | wps 1719.7 | ups 0.13 | wpb 12960 | bsz 517.9 | num_updates 13396 | lr 3.82508e-05 | gnorm 1.232 | train_wall 2298 | gb_free 7.2 | wall 38865
2022-03-20 05:35:46 | INFO | fairseq.data.iterators | grouped total_num_itrs = 394
2022-03-20 05:35:46 | INFO | fairseq.trainer | begin training epoch 35
2022-03-20 05:35:46 | INFO | fairseq_cli.train | Start iterating over samples
2022-03-20 05:36:11 | INFO | train_inner | epoch 035:      4 / 394 loss=5.581, nll_loss=4.01, ppl=16.11, wps=1945.7, ups=0.15, wpb=13144, bsz=525.4, num_updates=13400, lr=3.82451e-05, gnorm=1.232, train_wall=579, gb_free=7.2, wall=38890
2022-03-20 05:46:42 | INFO | train_inner | epoch 035:    104 / 394 loss=5.537, nll_loss=3.961, ppl=15.57, wps=2053.3, ups=0.16, wpb=12970.4, bsz=517.9, num_updates=13500, lr=3.81032e-05, gnorm=1.235, train_wall=584, gb_free=7.2, wall=39522
2022-03-20 05:57:02 | INFO | train_inner | epoch 035:    204 / 394 loss=5.526, nll_loss=3.948, ppl=15.43, wps=2099.5, ups=0.16, wpb=13007.8, bsz=522, num_updates=13600, lr=3.79628e-05, gnorm=1.243, train_wall=583, gb_free=7.2, wall=40142
2022-03-20 06:07:19 | INFO | train_inner | epoch 035:    304 / 394 loss=5.566, nll_loss=3.992, ppl=15.91, wps=2088.5, ups=0.16, wpb=12882.5, bsz=513.4, num_updates=13700, lr=3.7824e-05, gnorm=1.25, train_wall=581, gb_free=6, wall=40759
2022-03-20 06:16:35 | INFO | fairseq_cli.train | begin validation on "valid" subset
2022-03-20 06:17:29 | INFO | valid | epoch 035 | valid on 'valid' subset | loss 6.315 | nll_loss 4.795 | ppl 27.76 | wps 5433.8 | wpb 203.8 | bsz 8.1 | num_updates 13790 | best_loss 6.308
2022-03-20 06:17:29 | INFO | fairseq.checkpoint_utils | Preparing to save checkpoint for epoch 35 @ 13790 updates
2022-03-20 06:17:29 | INFO | fairseq_cli.train | end of epoch 35 (average epoch stats below)
2022-03-20 06:17:29 | INFO | train | epoch 035 | loss 5.544 | nll_loss 3.968 | ppl 15.65 | wps 2039.7 | ups 0.16 | wpb 12960 | bsz 517.9 | num_updates 13790 | lr 3.77004e-05 | gnorm 1.242 | train_wall 2287 | gb_free 7.2 | wall 41369
2022-03-20 06:17:29 | INFO | fairseq.data.iterators | grouped total_num_itrs = 394
2022-03-20 06:17:29 | INFO | fairseq.trainer | begin training epoch 36
2022-03-20 06:17:29 | INFO | fairseq_cli.train | Start iterating over samples
2022-03-20 06:18:29 | INFO | train_inner | epoch 036:     10 / 394 loss=5.54, nll_loss=3.962, ppl=15.58, wps=1938.4, ups=0.15, wpb=13000.3, bsz=519.4, num_updates=13800, lr=3.76867e-05, gnorm=1.247, train_wall=573, gb_free=7.2, wall=41429
2022-03-20 06:34:46 | INFO | train_inner | epoch 036:    110 / 394 loss=5.501, nll_loss=3.918, ppl=15.12, wps=1321, ups=0.1, wpb=12904.1, bsz=514.3, num_updates=13900, lr=3.75509e-05, gnorm=1.235, train_wall=590, gb_free=7.2, wall=42406
2022-03-20 06:49:01 | INFO | train_inner | epoch 036:    210 / 394 loss=5.507, nll_loss=3.924, ppl=15.18, wps=1544.8, ups=0.12, wpb=13212.5, bsz=528.1, num_updates=14000, lr=3.74166e-05, gnorm=1.25, train_wall=636, gb_free=7.2, wall=43261
2022-03-20 07:04:23 | INFO | train_inner | epoch 036:    310 / 394 loss=5.516, nll_loss=3.934, ppl=15.29, wps=1404.3, ups=0.11, wpb=12938.8, bsz=517.3, num_updates=14100, lr=3.72837e-05, gnorm=1.248, train_wall=587, gb_free=7.2, wall=44183
2022-03-20 07:13:50 | INFO | fairseq_cli.train | begin validation on "valid" subset
2022-03-20 07:14:44 | INFO | valid | epoch 036 | valid on 'valid' subset | loss 6.304 | nll_loss 4.782 | ppl 27.51 | wps 5386.4 | wpb 203.8 | bsz 8.1 | num_updates 14184 | best_loss 6.304
2022-03-20 07:14:44 | INFO | fairseq.checkpoint_utils | Preparing to save checkpoint for epoch 36 @ 14184 updates
2022-03-20 07:14:44 | INFO | fairseq.trainer | Saving checkpoint to /cluster/work/cotterell/liam/master-thesis/checkpoints/summarization_model/9/checkpoint_best.pt
2022-03-20 07:14:46 | INFO | fairseq.trainer | Finished saving checkpoint to /cluster/work/cotterell/liam/master-thesis/checkpoints/summarization_model/9/checkpoint_best.pt
2022-03-20 07:14:46 | INFO | fairseq.checkpoint_utils | Saved checkpoint checkpoints/summarization_model/9/checkpoint_best.pt (epoch 36 @ 14184 updates, score 6.304) (writing took 2.421912433579564 seconds)
2022-03-20 07:14:46 | INFO | fairseq_cli.train | end of epoch 36 (average epoch stats below)
2022-03-20 07:14:46 | INFO | train | epoch 036 | loss 5.509 | nll_loss 3.926 | ppl 15.2 | wps 1485.4 | ups 0.11 | wpb 12960 | bsz 517.9 | num_updates 14184 | lr 3.71731e-05 | gnorm 1.258 | train_wall 2355 | gb_free 7.2 | wall 44806
2022-03-20 07:14:47 | INFO | fairseq.data.iterators | grouped total_num_itrs = 394
2022-03-20 07:14:47 | INFO | fairseq.trainer | begin training epoch 37
2022-03-20 07:14:47 | INFO | fairseq_cli.train | Start iterating over samples
2022-03-20 07:16:28 | INFO | train_inner | epoch 037:     16 / 394 loss=5.504, nll_loss=3.92, ppl=15.13, wps=1757.8, ups=0.14, wpb=12754, bsz=510.1, num_updates=14200, lr=3.71521e-05, gnorm=1.287, train_wall=574, gb_free=7.2, wall=44908
2022-03-20 07:26:43 | INFO | train_inner | epoch 037:    116 / 394 loss=5.469, nll_loss=3.88, ppl=14.72, wps=2117.3, ups=0.16, wpb=13015.5, bsz=520.8, num_updates=14300, lr=3.7022e-05, gnorm=1.251, train_wall=576, gb_free=7.2, wall=45523
2022-03-20 07:37:05 | INFO | train_inner | epoch 037:    216 / 394 loss=5.457, nll_loss=3.866, ppl=14.58, wps=2072.8, ups=0.16, wpb=12898.1, bsz=516.7, num_updates=14400, lr=3.68932e-05, gnorm=1.249, train_wall=580, gb_free=6.6, wall=46145
2022-03-20 07:47:28 | INFO | train_inner | epoch 037:    316 / 394 loss=5.493, nll_loss=3.906, ppl=14.99, wps=2081.8, ups=0.16, wpb=12971.5, bsz=516.7, num_updates=14500, lr=3.67658e-05, gnorm=1.256, train_wall=579, gb_free=5.5, wall=46768
2022-03-20 07:55:22 | INFO | fairseq_cli.train | begin validation on "valid" subset
2022-03-20 07:56:17 | INFO | valid | epoch 037 | valid on 'valid' subset | loss 6.298 | nll_loss 4.769 | ppl 27.27 | wps 5384.9 | wpb 203.8 | bsz 8.1 | num_updates 14578 | best_loss 6.298
2022-03-20 07:56:17 | INFO | fairseq.checkpoint_utils | Preparing to save checkpoint for epoch 37 @ 14578 updates
2022-03-20 07:56:17 | INFO | fairseq.trainer | Saving checkpoint to /cluster/work/cotterell/liam/master-thesis/checkpoints/summarization_model/9/checkpoint_best.pt
2022-03-20 07:56:20 | INFO | fairseq.trainer | Finished saving checkpoint to /cluster/work/cotterell/liam/master-thesis/checkpoints/summarization_model/9/checkpoint_best.pt
2022-03-20 07:56:20 | INFO | fairseq.checkpoint_utils | Saved checkpoint checkpoints/summarization_model/9/checkpoint_best.pt (epoch 37 @ 14578 updates, score 6.298) (writing took 3.101058967411518 seconds)
2022-03-20 07:56:20 | INFO | fairseq_cli.train | end of epoch 37 (average epoch stats below)
2022-03-20 07:56:20 | INFO | train | epoch 037 | loss 5.473 | nll_loss 3.884 | ppl 14.77 | wps 2047.8 | ups 0.16 | wpb 12960 | bsz 517.9 | num_updates 14578 | lr 3.66673e-05 | gnorm 1.259 | train_wall 2270 | gb_free 7.2 | wall 47300
2022-03-20 07:56:21 | INFO | fairseq.data.iterators | grouped total_num_itrs = 394
2022-03-20 07:56:21 | INFO | fairseq.trainer | begin training epoch 38
2022-03-20 07:56:21 | INFO | fairseq_cli.train | Start iterating over samples
2022-03-20 07:58:32 | INFO | train_inner | epoch 038:     22 / 394 loss=5.47, nll_loss=3.88, ppl=14.72, wps=1949, ups=0.15, wpb=12924.9, bsz=516.1, num_updates=14600, lr=3.66397e-05, gnorm=1.282, train_wall=570, gb_free=7.2, wall=47432
2022-03-20 08:14:26 | INFO | train_inner | epoch 038:    122 / 394 loss=5.418, nll_loss=3.82, ppl=14.12, wps=1339.8, ups=0.1, wpb=12786.3, bsz=513.7, num_updates=14700, lr=3.65148e-05, gnorm=1.269, train_wall=588, gb_free=7.2, wall=48386
2022-03-20 08:26:46 | INFO | train_inner | epoch 038:    222 / 394 loss=5.451, nll_loss=3.857, ppl=14.49, wps=1775.1, ups=0.14, wpb=13143.3, bsz=522.2, num_updates=14800, lr=3.63913e-05, gnorm=1.265, train_wall=583, gb_free=7.2, wall=49126
2022-03-20 08:37:25 | INFO | train_inner | epoch 038:    322 / 394 loss=5.436, nll_loss=3.84, ppl=14.32, wps=2033.1, ups=0.16, wpb=12988.7, bsz=521.1, num_updates=14900, lr=3.62689e-05, gnorm=1.285, train_wall=579, gb_free=7.2, wall=49765
2022-03-20 08:44:55 | INFO | fairseq_cli.train | begin validation on "valid" subset
2022-03-20 08:45:52 | INFO | valid | epoch 038 | valid on 'valid' subset | loss 6.308 | nll_loss 4.776 | ppl 27.39 | wps 5104.4 | wpb 203.8 | bsz 8.1 | num_updates 14972 | best_loss 6.298
2022-03-20 08:45:52 | INFO | fairseq.checkpoint_utils | Preparing to save checkpoint for epoch 38 @ 14972 updates
2022-03-20 08:45:52 | INFO | fairseq_cli.train | end of epoch 38 (average epoch stats below)
2022-03-20 08:45:52 | INFO | train | epoch 038 | loss 5.44 | nll_loss 3.844 | ppl 14.36 | wps 1718 | ups 0.13 | wpb 12960 | bsz 517.9 | num_updates 14972 | lr 3.61816e-05 | gnorm 1.275 | train_wall 2296 | gb_free 7.2 | wall 50272
2022-03-20 08:45:53 | INFO | fairseq.data.iterators | grouped total_num_itrs = 394
2022-03-20 08:45:53 | INFO | fairseq.trainer | begin training epoch 39
2022-03-20 08:45:53 | INFO | fairseq_cli.train | Start iterating over samples
2022-03-20 08:48:45 | INFO | train_inner | epoch 039:     28 / 394 loss=5.428, nll_loss=3.83, ppl=14.22, wps=1917.1, ups=0.15, wpb=13037.9, bsz=521.5, num_updates=15000, lr=3.61478e-05, gnorm=1.28, train_wall=581, gb_free=7.2, wall=50445
2022-03-20 08:58:58 | INFO | train_inner | epoch 039:    128 / 394 loss=5.401, nll_loss=3.799, ppl=13.92, wps=2099.8, ups=0.16, wpb=12857.7, bsz=513.8, num_updates=15100, lr=3.6028e-05, gnorm=1.294, train_wall=583, gb_free=7.2, wall=51058
2022-03-20 09:09:20 | INFO | train_inner | epoch 039:    228 / 394 loss=5.404, nll_loss=3.803, ppl=13.96, wps=2056.9, ups=0.16, wpb=12808.5, bsz=512.8, num_updates=15200, lr=3.59092e-05, gnorm=1.282, train_wall=577, gb_free=7.2, wall=51680
2022-03-20 09:19:46 | INFO | train_inner | epoch 039:    328 / 394 loss=5.426, nll_loss=3.827, ppl=14.19, wps=2104, ups=0.16, wpb=13170.1, bsz=524.2, num_updates=15300, lr=3.57917e-05, gnorm=1.282, train_wall=586, gb_free=7.2, wall=52306
2022-03-20 09:26:38 | INFO | fairseq_cli.train | begin validation on "valid" subset
2022-03-20 09:27:33 | INFO | valid | epoch 039 | valid on 'valid' subset | loss 6.297 | nll_loss 4.763 | ppl 27.14 | wps 5447.1 | wpb 203.8 | bsz 8.1 | num_updates 15366 | best_loss 6.297
2022-03-20 09:27:33 | INFO | fairseq.checkpoint_utils | Preparing to save checkpoint for epoch 39 @ 15366 updates
2022-03-20 09:27:33 | INFO | fairseq.trainer | Saving checkpoint to /cluster/work/cotterell/liam/master-thesis/checkpoints/summarization_model/9/checkpoint_best.pt
2022-03-20 09:27:36 | INFO | fairseq.trainer | Finished saving checkpoint to /cluster/work/cotterell/liam/master-thesis/checkpoints/summarization_model/9/checkpoint_best.pt
2022-03-20 09:27:36 | INFO | fairseq.checkpoint_utils | Saved checkpoint checkpoints/summarization_model/9/checkpoint_best.pt (epoch 39 @ 15366 updates, score 6.297) (writing took 2.964107459411025 seconds)
2022-03-20 09:27:36 | INFO | fairseq_cli.train | end of epoch 39 (average epoch stats below)
2022-03-20 09:27:36 | INFO | train | epoch 039 | loss 5.407 | nll_loss 3.805 | ppl 13.98 | wps 2039.7 | ups 0.16 | wpb 12960 | bsz 517.9 | num_updates 15366 | lr 3.57148e-05 | gnorm 1.286 | train_wall 2291 | gb_free 7.2 | wall 52776
2022-03-20 09:27:37 | INFO | fairseq.data.iterators | grouped total_num_itrs = 394
2022-03-20 09:27:37 | INFO | fairseq.trainer | begin training epoch 40
2022-03-20 09:27:37 | INFO | fairseq_cli.train | Start iterating over samples
2022-03-20 09:33:35 | INFO | train_inner | epoch 040:     34 / 394 loss=5.398, nll_loss=3.794, ppl=13.87, wps=1549.1, ups=0.12, wpb=12839.8, bsz=512, num_updates=15400, lr=3.56753e-05, gnorm=1.287, train_wall=582, gb_free=7.2, wall=53135
2022-03-20 09:48:17 | INFO | train_inner | epoch 040:    134 / 394 loss=5.353, nll_loss=3.743, ppl=13.39, wps=1485.6, ups=0.11, wpb=13104.9, bsz=526, num_updates=15500, lr=3.556e-05, gnorm=1.267, train_wall=589, gb_free=7.2, wall=54017
2022-03-20 09:59:49 | INFO | train_inner | epoch 040:    234 / 394 loss=5.367, nll_loss=3.758, ppl=13.53, wps=1890.2, ups=0.14, wpb=13077, bsz=521.5, num_updates=15600, lr=3.54459e-05, gnorm=1.273, train_wall=584, gb_free=7.2, wall=54709
2022-03-20 10:10:22 | INFO | train_inner | epoch 040:    334 / 394 loss=5.389, nll_loss=3.784, ppl=13.77, wps=2042.1, ups=0.16, wpb=12917, bsz=516.3, num_updates=15700, lr=3.53328e-05, gnorm=1.28, train_wall=579, gb_free=7.2, wall=55342
2022-03-20 10:16:16 | INFO | fairseq_cli.train | begin validation on "valid" subset
2022-03-20 10:17:10 | INFO | valid | epoch 040 | valid on 'valid' subset | loss 6.298 | nll_loss 4.757 | ppl 27.04 | wps 5420.4 | wpb 203.8 | bsz 8.1 | num_updates 15760 | best_loss 6.297
2022-03-20 10:17:10 | INFO | fairseq.checkpoint_utils | Preparing to save checkpoint for epoch 40 @ 15760 updates
2022-03-20 10:17:10 | INFO | fairseq_cli.train | end of epoch 40 (average epoch stats below)
2022-03-20 10:17:10 | INFO | train | epoch 040 | loss 5.375 | nll_loss 3.767 | ppl 13.62 | wps 1716.7 | ups 0.13 | wpb 12960 | bsz 517.9 | num_updates 15760 | lr 3.52655e-05 | gnorm 1.28 | train_wall 2288 | gb_free 7.2 | wall 55750
2022-03-20 10:17:11 | INFO | fairseq.data.iterators | grouped total_num_itrs = 394
2022-03-20 10:17:11 | INFO | fairseq.trainer | begin training epoch 41
2022-03-20 10:17:11 | INFO | fairseq_cli.train | Start iterating over samples
2022-03-20 10:23:02 | INFO | train_inner | epoch 041:     40 / 394 loss=5.381, nll_loss=3.774, ppl=13.68, wps=1701.8, ups=0.13, wpb=12942.9, bsz=513.3, num_updates=15800, lr=3.52208e-05, gnorm=1.301, train_wall=661, gb_free=7.2, wall=56102
2022-03-20 10:36:09 | INFO | train_inner | epoch 041:    140 / 394 loss=5.34, nll_loss=3.728, ppl=13.25, wps=1626.5, ups=0.13, wpb=12791.6, bsz=512.1, num_updates=15900, lr=3.51099e-05, gnorm=1.296, train_wall=583, gb_free=7.2, wall=56889
2022-03-20 10:47:09 | INFO | train_inner | epoch 041:    240 / 394 loss=5.341, nll_loss=3.727, ppl=13.25, wps=1993.2, ups=0.15, wpb=13158.2, bsz=527.6, num_updates=16000, lr=3.5e-05, gnorm=1.284, train_wall=578, gb_free=7.2, wall=57549
2022-03-20 11:02:35 | INFO | train_inner | epoch 041:    340 / 394 loss=5.344, nll_loss=3.731, ppl=13.27, wps=1398.6, ups=0.11, wpb=12947.6, bsz=518.6, num_updates=16100, lr=3.48911e-05, gnorm=1.301, train_wall=716, gb_free=7.2, wall=58475
2022-03-20 11:11:17 | INFO | fairseq_cli.train | begin validation on "valid" subset
2022-03-20 11:12:11 | INFO | valid | epoch 041 | valid on 'valid' subset | loss 6.298 | nll_loss 4.762 | ppl 27.13 | wps 5431.5 | wpb 203.8 | bsz 8.1 | num_updates 16154 | best_loss 6.297
2022-03-20 11:12:11 | INFO | fairseq.checkpoint_utils | Preparing to save checkpoint for epoch 41 @ 16154 updates
2022-03-20 11:12:11 | INFO | fairseq_cli.train | end of epoch 41 (average epoch stats below)
2022-03-20 11:12:11 | INFO | train | epoch 041 | loss 5.345 | nll_loss 3.732 | ppl 13.28 | wps 1546.8 | ups 0.12 | wpb 12960 | bsz 517.9 | num_updates 16154 | lr 3.48328e-05 | gnorm 1.295 | train_wall 2519 | gb_free 7.2 | wall 59051
2022-03-20 11:12:12 | INFO | fairseq.data.iterators | grouped total_num_itrs = 394
2022-03-20 11:12:12 | INFO | fairseq.trainer | begin training epoch 42
2022-03-20 11:12:12 | INFO | fairseq_cli.train | Start iterating over samples
2022-03-20 11:20:32 | INFO | train_inner | epoch 042:     46 / 394 loss=5.334, nll_loss=3.719, ppl=13.17, wps=1200.5, ups=0.09, wpb=12932.2, bsz=514.8, num_updates=16200, lr=3.47833e-05, gnorm=1.305, train_wall=596, gb_free=6.5, wall=59552
2022-03-20 11:41:23 | INFO | train_inner | epoch 042:    146 / 394 loss=5.307, nll_loss=3.688, ppl=12.89, wps=1027, ups=0.08, wpb=12853.9, bsz=513, num_updates=16300, lr=3.46764e-05, gnorm=1.308, train_wall=693, gb_free=7.2, wall=60803
2022-03-20 12:35:07 | INFO | train_inner | epoch 042:    246 / 394 loss=5.318, nll_loss=3.7, ppl=12.99, wps=404.8, ups=0.03, wpb=13050.2, bsz=521.3, num_updates=16400, lr=3.45705e-05, gnorm=1.314, train_wall=1359, gb_free=7.2, wall=64027
2022-03-20 13:09:47 | INFO | train_inner | epoch 042:    346 / 394 loss=5.317, nll_loss=3.698, ppl=12.98, wps=620.6, ups=0.05, wpb=12907.3, bsz=518.5, num_updates=16500, lr=3.44656e-05, gnorm=1.311, train_wall=985, gb_free=7.2, wall=66107
2022-03-20 13:27:12 | INFO | fairseq_cli.train | begin validation on "valid" subset
2022-03-20 13:28:48 | INFO | valid | epoch 042 | valid on 'valid' subset | loss 6.304 | nll_loss 4.765 | ppl 27.2 | wps 3039.8 | wpb 203.8 | bsz 8.1 | num_updates 16548 | best_loss 6.297
2022-03-20 13:28:48 | INFO | fairseq.checkpoint_utils | Preparing to save checkpoint for epoch 42 @ 16548 updates
2022-03-20 13:28:48 | INFO | fairseq_cli.train | end of epoch 42 (average epoch stats below)
2022-03-20 13:28:48 | INFO | train | epoch 042 | loss 5.313 | nll_loss 3.694 | ppl 12.94 | wps 622.9 | ups 0.05 | wpb 12960 | bsz 517.9 | num_updates 16548 | lr 3.44156e-05 | gnorm 1.312 | train_wall 3983 | gb_free 7.2 | wall 67248
2022-03-20 13:28:51 | INFO | fairseq.data.iterators | grouped total_num_itrs = 394
2022-03-20 13:28:51 | INFO | fairseq.trainer | begin training epoch 43
2022-03-20 13:28:51 | INFO | fairseq_cli.train | Start iterating over samples
2022-03-20 13:40:30 | INFO | train_inner | epoch 043:     52 / 394 loss=5.302, nll_loss=3.681, ppl=12.83, wps=698.2, ups=0.05, wpb=12866.5, bsz=509.9, num_updates=16600, lr=3.43616e-05, gnorm=1.325, train_wall=1012, gb_free=5.3, wall=67950
2022-03-20 14:35:15 | INFO | train_inner | epoch 043:    152 / 394 loss=5.274, nll_loss=3.649, ppl=12.55, wps=396.1, ups=0.03, wpb=13013.2, bsz=518.5, num_updates=16700, lr=3.42586e-05, gnorm=1.311, train_wall=1717, gb_free=7.2, wall=71235
User defined signal 2
