Sender: LSF System <lsfadmin@eu-g3-009>
Subject: Job 209304889: <train_7> in cluster <euler> Exited

Job <train_7> was submitted from host <eu-login-03> by user <euler_username> in cluster <euler> at Thu Mar 17 18:20:12 2022
Job was executed on host(s) <4*eu-g3-009>, in queue <gpu.24h>, as user <euler_username> in cluster <euler> at Thu Mar 17 18:20:39 2022
</cluster/home/euler_username> was used as the home directory.
</cluster/work/cotterell/liam/master-thesis> was used as the working directory.
Started at Thu Mar 17 18:20:39 2022
Terminated at Fri Mar 18 14:20:50 2022
Results reported at Fri Mar 18 14:20:50 2022

Your job looked like:

------------------------------------------------------------
# LSBATCH: User input
fairseq-train data/xsum-summarizer --save-dir checkpoints/summarization_model/7 --criterion label_smoothed_cross_entropy --label-smoothing 0.1 --max-tokens 4096 --update-freq 64 --no-epoch-checkpoints --no-last-checkpoints --truncate-source --skip-invalid-size-inputs-valid-test --arch transformer_wmt_en_de --share-all-embeddings --optimizer adam --adam-betas "(0.9, 0.98)" --clip-norm 0.0 --lr-scheduler inverse_sqrt --warmup-init-lr 1e-07 --warmup-updates 4000 --lr 0.0007 --dropout 0.3000 --weight-decay 0.0
------------------------------------------------------------

TERM_RUNLIMIT: job killed after reaching LSF run time limit.
Exited with exit code 140.

Resource usage summary:

    CPU time :                                   53040.00 sec.
    Max Memory :                                 4596 MB
    Average Memory :                             2877.98 MB
    Total Requested Memory :                     8192.00 MB
    Delta Memory :                               3596.00 MB
    Max Swap :                                   -
    Max Processes :                              4
    Max Threads :                                14
    Run time :                                   72010 sec.
    Turnaround time :                            72038 sec.

The output (if any) follows:

2022-03-17 18:23:32 | INFO | fairseq.tasks.text_to_speech | Please install tensorboardX: pip install tensorboardX
2022-03-17 18:23:43 | INFO | fairseq_cli.train | {'_name': None, 'common': {'_name': None, 'no_progress_bar': False, 'log_interval': 100, 'log_format': None, 'log_file': None, 'tensorboard_logdir': None, 'wandb_project': None, 'azureml_logging': False, 'seed': 1, 'cpu': False, 'tpu': False, 'bf16': False, 'memory_efficient_bf16': False, 'fp16': False, 'memory_efficient_fp16': False, 'fp16_no_flatten_grads': False, 'fp16_init_scale': 128, 'fp16_scale_window': None, 'fp16_scale_tolerance': 0.0, 'on_cpu_convert_precision': False, 'min_loss_scale': 0.0001, 'threshold_loss_scale': None, 'amp': False, 'amp_batch_retries': 2, 'amp_init_scale': 128, 'amp_scale_window': None, 'user_dir': None, 'empty_cache_freq': 0, 'all_gather_list_size': 16384, 'model_parallel_size': 1, 'quantization_config_path': None, 'profile': False, 'reset_logging': False, 'suppress_crashes': False, 'use_plasma_view': False, 'plasma_path': '/tmp/plasma'}, 'common_eval': {'_name': None, 'path': None, 'post_process': None, 'quiet': False, 'model_overrides': '{}', 'results_path': None}, 'distributed_training': {'_name': None, 'distributed_world_size': 1, 'distributed_num_procs': 1, 'distributed_rank': 0, 'distributed_backend': 'nccl', 'distributed_init_method': None, 'distributed_port': -1, 'device_id': 0, 'distributed_no_spawn': False, 'ddp_backend': 'pytorch_ddp', 'ddp_comm_hook': 'none', 'bucket_cap_mb': 25, 'fix_batches_to_gpus': False, 'find_unused_parameters': False, 'gradient_as_bucket_view': False, 'fast_stat_sync': False, 'heartbeat_timeout': -1, 'broadcast_buffers': False, 'slowmo_momentum': None, 'slowmo_base_algorithm': 'localsgd', 'localsgd_frequency': 3, 'nprocs_per_node': 1, 'pipeline_model_parallel': False, 'pipeline_balance': None, 'pipeline_devices': None, 'pipeline_chunks': 0, 'pipeline_encoder_balance': None, 'pipeline_encoder_devices': None, 'pipeline_decoder_balance': None, 'pipeline_decoder_devices': None, 'pipeline_checkpoint': 'never', 'zero_sharding': 'none', 'fp16': False, 'memory_efficient_fp16': False, 'tpu': False, 'no_reshard_after_forward': False, 'fp32_reduce_scatter': False, 'cpu_offload': False, 'use_sharded_state': False, 'not_fsdp_flatten_parameters': False}, 'dataset': {'_name': None, 'num_workers': 1, 'skip_invalid_size_inputs_valid_test': True, 'max_tokens': 4096, 'batch_size': None, 'required_batch_size_multiple': 8, 'required_seq_len_multiple': 1, 'dataset_impl': None, 'data_buffer_size': 10, 'train_subset': 'train', 'valid_subset': 'valid', 'combine_valid_subsets': None, 'ignore_unused_valid_subsets': False, 'validate_interval': 1, 'validate_interval_updates': 0, 'validate_after_updates': 0, 'fixed_validation_seed': None, 'disable_validation': False, 'max_tokens_valid': 4096, 'batch_size_valid': None, 'max_valid_steps': None, 'curriculum': 0, 'gen_subset': 'test', 'num_shards': 1, 'shard_id': 0, 'grouped_shuffling': False, 'update_epoch_batch_itr': False, 'update_ordered_indices_seed': False}, 'optimization': {'_name': None, 'max_epoch': 0, 'max_update': 0, 'stop_time_hours': 0.0, 'clip_norm': 0.0, 'sentence_avg': False, 'update_freq': [64], 'lr': [0.0007], 'stop_min_lr': -1.0, 'use_bmuf': False, 'skip_remainder_batch': False}, 'checkpoint': {'_name': None, 'save_dir': 'checkpoints/summarization_model/7', 'restore_file': 'checkpoint_last.pt', 'continue_once': None, 'finetune_from_model': None, 'reset_dataloader': False, 'reset_lr_scheduler': False, 'reset_meters': False, 'reset_optimizer': False, 'optimizer_overrides': '{}', 'save_interval': 1, 'save_interval_updates': 0, 'keep_interval_updates': -1, 'keep_interval_updates_pattern': -1, 'keep_last_epochs': -1, 'keep_best_checkpoints': -1, 'no_save': False, 'no_epoch_checkpoints': True, 'no_last_checkpoints': True, 'no_save_optimizer_state': False, 'best_checkpoint_metric': 'loss', 'maximize_best_checkpoint_metric': False, 'patience': -1, 'checkpoint_suffix': '', 'checkpoint_shard_count': 1, 'load_checkpoint_on_all_dp_ranks': False, 'write_checkpoints_asynchronously': False, 'model_parallel_size': 1}, 'bmuf': {'_name': None, 'block_lr': 1.0, 'block_momentum': 0.875, 'global_sync_iter': 50, 'warmup_iterations': 500, 'use_nbm': False, 'average_sync': False, 'distributed_world_size': 1}, 'generation': {'_name': None, 'beam': 5, 'nbest': 1, 'max_len_a': 0.0, 'max_len_b': 200, 'min_len': 1, 'match_source_len': False, 'unnormalized': False, 'no_early_stop': False, 'no_beamable_mm': False, 'lenpen': 1.0, 'unkpen': 0.0, 'replace_unk': None, 'sacrebleu': False, 'score_reference': False, 'prefix_size': 0, 'no_repeat_ngram_size': 0, 'sampling': False, 'sampling_topk': -1, 'sampling_topp': -1.0, 'constraints': None, 'temperature': 1.0, 'diverse_beam_groups': -1, 'diverse_beam_strength': 0.5, 'diversity_rate': -1.0, 'print_alignment': None, 'print_step': False, 'lm_path': None, 'lm_weight': 0.0, 'iter_decode_eos_penalty': 0.0, 'iter_decode_max_iter': 10, 'iter_decode_force_max_iter': False, 'iter_decode_with_beam': 1, 'iter_decode_with_external_reranker': False, 'retain_iter_history': False, 'retain_dropout': False, 'retain_dropout_modules': None, 'decoding_format': None, 'no_seed_provided': False}, 'eval_lm': {'_name': None, 'output_word_probs': False, 'output_word_stats': False, 'context_window': 0, 'softmax_batch': 9223372036854775807}, 'interactive': {'_name': None, 'buffer_size': 0, 'input': '-'}, 'model': Namespace(_name='transformer_wmt_en_de', activation_dropout=0.0, activation_fn='relu', adam_betas='(0.9, 0.98)', adam_eps=1e-08, adaptive_input=False, adaptive_softmax_cutoff=None, adaptive_softmax_dropout=0, all_gather_list_size=16384, amp=False, amp_batch_retries=2, amp_init_scale=128, amp_scale_window=None, arch='transformer_wmt_en_de', attention_dropout=0.0, azureml_logging=False, batch_size=None, batch_size_valid=None, best_checkpoint_metric='loss', bf16=False, bpe=None, broadcast_buffers=False, bucket_cap_mb=25, checkpoint_activations=False, checkpoint_shard_count=1, checkpoint_suffix='', clip_norm=0.0, combine_valid_subsets=None, continue_once=None, cpu=False, cpu_offload=False, criterion='label_smoothed_cross_entropy', cross_self_attention=False, curriculum=0, data='data/xsum-summarizer', data_buffer_size=10, dataset_impl=None, ddp_backend='pytorch_ddp', ddp_comm_hook='none', decoder_attention_heads=8, decoder_embed_dim=512, decoder_embed_path=None, decoder_ffn_embed_dim=2048, decoder_input_dim=512, decoder_layerdrop=0, decoder_layers=6, decoder_layers_to_keep=None, decoder_learned_pos=False, decoder_normalize_before=False, decoder_output_dim=512, device_id=0, disable_validation=False, distributed_backend='nccl', distributed_init_method=None, distributed_no_spawn=False, distributed_num_procs=1, distributed_port=-1, distributed_rank=0, distributed_world_size=1, dropout=0.3, ema_decay=0.9999, ema_fp32=False, ema_seed_model=None, ema_start_update=0, ema_update_freq=1, empty_cache_freq=0, encoder_attention_heads=8, encoder_embed_dim=512, encoder_embed_path=None, encoder_ffn_embed_dim=2048, encoder_layerdrop=0, encoder_layers=6, encoder_layers_to_keep=None, encoder_learned_pos=False, encoder_normalize_before=False, eos=2, eval_bleu=False, eval_bleu_args='{}', eval_bleu_detok='space', eval_bleu_detok_args='{}', eval_bleu_print_samples=False, eval_bleu_remove_bpe=None, eval_tokenized_bleu=False, fast_stat_sync=False, find_unused_parameters=False, finetune_from_model=None, fix_batches_to_gpus=False, fixed_validation_seed=None, fp16=False, fp16_adam_stats=False, fp16_init_scale=128, fp16_no_flatten_grads=False, fp16_scale_tolerance=0.0, fp16_scale_window=None, fp32_reduce_scatter=False, gen_subset='test', gradient_as_bucket_view=False, grouped_shuffling=False, heartbeat_timeout=-1, ignore_prefix_size=0, ignore_unused_valid_subsets=False, keep_best_checkpoints=-1, keep_interval_updates=-1, keep_interval_updates_pattern=-1, keep_last_epochs=-1, label_smoothing=0.1, layernorm_embedding=False, left_pad_source=True, left_pad_target=False, load_alignments=False, load_checkpoint_on_all_dp_ranks=False, localsgd_frequency=3, log_file=None, log_format=None, log_interval=100, lr=[0.0007], lr_scheduler='inverse_sqrt', max_epoch=0, max_tokens=4096, max_tokens_valid=4096, max_update=0, max_valid_steps=None, maximize_best_checkpoint_metric=False, memory_efficient_bf16=False, memory_efficient_fp16=False, min_loss_scale=0.0001, model_parallel_size=1, no_cross_attention=False, no_epoch_checkpoints=True, no_last_checkpoints=True, no_progress_bar=False, no_reshard_after_forward=False, no_save=False, no_save_optimizer_state=False, no_scale_embedding=False, no_seed_provided=False, no_token_positional_embeddings=False, not_fsdp_flatten_parameters=False, nprocs_per_node=1, num_batch_buckets=0, num_shards=1, num_workers=1, offload_activations=False, on_cpu_convert_precision=False, optimizer='adam', optimizer_overrides='{}', pad=1, patience=-1, pipeline_balance=None, pipeline_checkpoint='never', pipeline_chunks=0, pipeline_decoder_balance=None, pipeline_decoder_devices=None, pipeline_devices=None, pipeline_encoder_balance=None, pipeline_encoder_devices=None, pipeline_model_parallel=False, plasma_path='/tmp/plasma', profile=False, quant_noise_pq=0, quant_noise_pq_block_size=8, quant_noise_scalar=0, quantization_config_path=None, report_accuracy=False, required_batch_size_multiple=8, required_seq_len_multiple=1, reset_dataloader=False, reset_logging=False, reset_lr_scheduler=False, reset_meters=False, reset_optimizer=False, restore_file='checkpoint_last.pt', save_dir='checkpoints/summarization_model/7', save_interval=1, save_interval_updates=0, scoring='bleu', seed=1, sentence_avg=False, shard_id=0, share_all_embeddings=True, share_decoder_input_output_embed=False, simul_type=None, skip_invalid_size_inputs_valid_test=True, skip_remainder_batch=False, slowmo_base_algorithm='localsgd', slowmo_momentum=None, source_lang=None, stop_min_lr=-1.0, stop_time_hours=0, store_ema=False, suppress_crashes=False, target_lang=None, task='translation', tensorboard_logdir=None, threshold_loss_scale=None, tie_adaptive_weights=False, tokenizer=None, tpu=False, train_subset='train', truncate_source=True, unk=3, update_epoch_batch_itr=False, update_freq=[64], update_ordered_indices_seed=False, upsample_primary=-1, use_bmuf=False, use_old_adam=False, use_plasma_view=False, use_sharded_state=False, user_dir=None, valid_subset='valid', validate_after_updates=0, validate_interval=1, validate_interval_updates=0, wandb_project=None, warmup_init_lr=1e-07, warmup_updates=4000, weight_decay=0.0, write_checkpoints_asynchronously=False, zero_sharding='none'), 'task': {'_name': 'translation', 'data': 'data/xsum-summarizer', 'source_lang': None, 'target_lang': None, 'load_alignments': False, 'left_pad_source': True, 'left_pad_target': False, 'max_source_positions': 1024, 'max_target_positions': 1024, 'upsample_primary': -1, 'truncate_source': True, 'num_batch_buckets': 0, 'train_subset': 'train', 'dataset_impl': None, 'required_seq_len_multiple': 1, 'eval_bleu': False, 'eval_bleu_args': '{}', 'eval_bleu_detok': 'space', 'eval_bleu_detok_args': '{}', 'eval_tokenized_bleu': False, 'eval_bleu_remove_bpe': None, 'eval_bleu_print_samples': False}, 'criterion': {'_name': 'label_smoothed_cross_entropy', 'label_smoothing': 0.1, 'report_accuracy': False, 'ignore_prefix_size': 0, 'sentence_avg': False}, 'optimizer': {'_name': 'adam', 'adam_betas': '(0.9, 0.98)', 'adam_eps': 1e-08, 'weight_decay': 0.0, 'use_old_adam': False, 'fp16_adam_stats': False, 'tpu': False, 'lr': [0.0007]}, 'lr_scheduler': {'_name': 'inverse_sqrt', 'warmup_updates': 4000, 'warmup_init_lr': 1e-07, 'lr': [0.0007]}, 'scoring': {'_name': 'bleu', 'pad': 1, 'eos': 2, 'unk': 3}, 'bpe': None, 'tokenizer': None, 'ema': {'_name': None, 'store_ema': False, 'ema_decay': 0.9999, 'ema_start_update': 0, 'ema_seed_model': None, 'ema_update_freq': 1, 'ema_fp32': False}, 'simul_type': None}
2022-03-17 18:23:43 | INFO | fairseq.tasks.translation | [source] dictionary: 49992 types
2022-03-17 18:23:43 | INFO | fairseq.tasks.translation | [target] dictionary: 49992 types
2022-03-17 18:23:52 | INFO | fairseq_cli.train | TransformerModel(
  (encoder): TransformerEncoderBase(
    (dropout_module): FairseqDropout()
    (embed_tokens): Embedding(49992, 512, padding_idx=1)
    (embed_positions): SinusoidalPositionalEmbedding()
    (layers): ModuleList(
      (0): TransformerEncoderLayerBase(
        (self_attn): MultiheadAttention(
          (dropout_module): FairseqDropout()
          (k_proj): Linear(in_features=512, out_features=512, bias=True)
          (v_proj): Linear(in_features=512, out_features=512, bias=True)
          (q_proj): Linear(in_features=512, out_features=512, bias=True)
          (out_proj): Linear(in_features=512, out_features=512, bias=True)
        )
        (self_attn_layer_norm): LayerNorm((512,), eps=1e-05, elementwise_affine=True)
        (dropout_module): FairseqDropout()
        (activation_dropout_module): FairseqDropout()
        (fc1): Linear(in_features=512, out_features=2048, bias=True)
        (fc2): Linear(in_features=2048, out_features=512, bias=True)
        (final_layer_norm): LayerNorm((512,), eps=1e-05, elementwise_affine=True)
      )
      (1): TransformerEncoderLayerBase(
        (self_attn): MultiheadAttention(
          (dropout_module): FairseqDropout()
          (k_proj): Linear(in_features=512, out_features=512, bias=True)
          (v_proj): Linear(in_features=512, out_features=512, bias=True)
          (q_proj): Linear(in_features=512, out_features=512, bias=True)
          (out_proj): Linear(in_features=512, out_features=512, bias=True)
        )
        (self_attn_layer_norm): LayerNorm((512,), eps=1e-05, elementwise_affine=True)
        (dropout_module): FairseqDropout()
        (activation_dropout_module): FairseqDropout()
        (fc1): Linear(in_features=512, out_features=2048, bias=True)
        (fc2): Linear(in_features=2048, out_features=512, bias=True)
        (final_layer_norm): LayerNorm((512,), eps=1e-05, elementwise_affine=True)
      )
      (2): TransformerEncoderLayerBase(
        (self_attn): MultiheadAttention(
          (dropout_module): FairseqDropout()
          (k_proj): Linear(in_features=512, out_features=512, bias=True)
          (v_proj): Linear(in_features=512, out_features=512, bias=True)
          (q_proj): Linear(in_features=512, out_features=512, bias=True)
          (out_proj): Linear(in_features=512, out_features=512, bias=True)
        )
        (self_attn_layer_norm): LayerNorm((512,), eps=1e-05, elementwise_affine=True)
        (dropout_module): FairseqDropout()
        (activation_dropout_module): FairseqDropout()
        (fc1): Linear(in_features=512, out_features=2048, bias=True)
        (fc2): Linear(in_features=2048, out_features=512, bias=True)
        (final_layer_norm): LayerNorm((512,), eps=1e-05, elementwise_affine=True)
      )
      (3): TransformerEncoderLayerBase(
        (self_attn): MultiheadAttention(
          (dropout_module): FairseqDropout()
          (k_proj): Linear(in_features=512, out_features=512, bias=True)
          (v_proj): Linear(in_features=512, out_features=512, bias=True)
          (q_proj): Linear(in_features=512, out_features=512, bias=True)
          (out_proj): Linear(in_features=512, out_features=512, bias=True)
        )
        (self_attn_layer_norm): LayerNorm((512,), eps=1e-05, elementwise_affine=True)
        (dropout_module): FairseqDropout()
        (activation_dropout_module): FairseqDropout()
        (fc1): Linear(in_features=512, out_features=2048, bias=True)
        (fc2): Linear(in_features=2048, out_features=512, bias=True)
        (final_layer_norm): LayerNorm((512,), eps=1e-05, elementwise_affine=True)
      )
      (4): TransformerEncoderLayerBase(
        (self_attn): MultiheadAttention(
          (dropout_module): FairseqDropout()
          (k_proj): Linear(in_features=512, out_features=512, bias=True)
          (v_proj): Linear(in_features=512, out_features=512, bias=True)
          (q_proj): Linear(in_features=512, out_features=512, bias=True)
          (out_proj): Linear(in_features=512, out_features=512, bias=True)
        )
        (self_attn_layer_norm): LayerNorm((512,), eps=1e-05, elementwise_affine=True)
        (dropout_module): FairseqDropout()
        (activation_dropout_module): FairseqDropout()
        (fc1): Linear(in_features=512, out_features=2048, bias=True)
        (fc2): Linear(in_features=2048, out_features=512, bias=True)
        (final_layer_norm): LayerNorm((512,), eps=1e-05, elementwise_affine=True)
      )
      (5): TransformerEncoderLayerBase(
        (self_attn): MultiheadAttention(
          (dropout_module): FairseqDropout()
          (k_proj): Linear(in_features=512, out_features=512, bias=True)
          (v_proj): Linear(in_features=512, out_features=512, bias=True)
          (q_proj): Linear(in_features=512, out_features=512, bias=True)
          (out_proj): Linear(in_features=512, out_features=512, bias=True)
        )
        (self_attn_layer_norm): LayerNorm((512,), eps=1e-05, elementwise_affine=True)
        (dropout_module): FairseqDropout()
        (activation_dropout_module): FairseqDropout()
        (fc1): Linear(in_features=512, out_features=2048, bias=True)
        (fc2): Linear(in_features=2048, out_features=512, bias=True)
        (final_layer_norm): LayerNorm((512,), eps=1e-05, elementwise_affine=True)
      )
    )
  )
  (decoder): TransformerDecoderBase(
    (dropout_module): FairseqDropout()
    (embed_tokens): Embedding(49992, 512, padding_idx=1)
    (embed_positions): SinusoidalPositionalEmbedding()
    (layers): ModuleList(
      (0): TransformerDecoderLayerBase(
        (dropout_module): FairseqDropout()
        (self_attn): MultiheadAttention(
          (dropout_module): FairseqDropout()
          (k_proj): Linear(in_features=512, out_features=512, bias=True)
          (v_proj): Linear(in_features=512, out_features=512, bias=True)
          (q_proj): Linear(in_features=512, out_features=512, bias=True)
          (out_proj): Linear(in_features=512, out_features=512, bias=True)
        )
        (activation_dropout_module): FairseqDropout()
        (self_attn_layer_norm): LayerNorm((512,), eps=1e-05, elementwise_affine=True)
        (encoder_attn): MultiheadAttention(
          (dropout_module): FairseqDropout()
          (k_proj): Linear(in_features=512, out_features=512, bias=True)
          (v_proj): Linear(in_features=512, out_features=512, bias=True)
          (q_proj): Linear(in_features=512, out_features=512, bias=True)
          (out_proj): Linear(in_features=512, out_features=512, bias=True)
        )
        (encoder_attn_layer_norm): LayerNorm((512,), eps=1e-05, elementwise_affine=True)
        (fc1): Linear(in_features=512, out_features=2048, bias=True)
        (fc2): Linear(in_features=2048, out_features=512, bias=True)
        (final_layer_norm): LayerNorm((512,), eps=1e-05, elementwise_affine=True)
      )
      (1): TransformerDecoderLayerBase(
        (dropout_module): FairseqDropout()
        (self_attn): MultiheadAttention(
          (dropout_module): FairseqDropout()
          (k_proj): Linear(in_features=512, out_features=512, bias=True)
          (v_proj): Linear(in_features=512, out_features=512, bias=True)
          (q_proj): Linear(in_features=512, out_features=512, bias=True)
          (out_proj): Linear(in_features=512, out_features=512, bias=True)
        )
        (activation_dropout_module): FairseqDropout()
        (self_attn_layer_norm): LayerNorm((512,), eps=1e-05, elementwise_affine=True)
        (encoder_attn): MultiheadAttention(
          (dropout_module): FairseqDropout()
          (k_proj): Linear(in_features=512, out_features=512, bias=True)
          (v_proj): Linear(in_features=512, out_features=512, bias=True)
          (q_proj): Linear(in_features=512, out_features=512, bias=True)
          (out_proj): Linear(in_features=512, out_features=512, bias=True)
        )
        (encoder_attn_layer_norm): LayerNorm((512,), eps=1e-05, elementwise_affine=True)
        (fc1): Linear(in_features=512, out_features=2048, bias=True)
        (fc2): Linear(in_features=2048, out_features=512, bias=True)
        (final_layer_norm): LayerNorm((512,), eps=1e-05, elementwise_affine=True)
      )
      (2): TransformerDecoderLayerBase(
        (dropout_module): FairseqDropout()
        (self_attn): MultiheadAttention(
          (dropout_module): FairseqDropout()
          (k_proj): Linear(in_features=512, out_features=512, bias=True)
          (v_proj): Linear(in_features=512, out_features=512, bias=True)
          (q_proj): Linear(in_features=512, out_features=512, bias=True)
          (out_proj): Linear(in_features=512, out_features=512, bias=True)
        )
        (activation_dropout_module): FairseqDropout()
        (self_attn_layer_norm): LayerNorm((512,), eps=1e-05, elementwise_affine=True)
        (encoder_attn): MultiheadAttention(
          (dropout_module): FairseqDropout()
          (k_proj): Linear(in_features=512, out_features=512, bias=True)
          (v_proj): Linear(in_features=512, out_features=512, bias=True)
          (q_proj): Linear(in_features=512, out_features=512, bias=True)
          (out_proj): Linear(in_features=512, out_features=512, bias=True)
        )
        (encoder_attn_layer_norm): LayerNorm((512,), eps=1e-05, elementwise_affine=True)
        (fc1): Linear(in_features=512, out_features=2048, bias=True)
        (fc2): Linear(in_features=2048, out_features=512, bias=True)
        (final_layer_norm): LayerNorm((512,), eps=1e-05, elementwise_affine=True)
      )
      (3): TransformerDecoderLayerBase(
        (dropout_module): FairseqDropout()
        (self_attn): MultiheadAttention(
          (dropout_module): FairseqDropout()
          (k_proj): Linear(in_features=512, out_features=512, bias=True)
          (v_proj): Linear(in_features=512, out_features=512, bias=True)
          (q_proj): Linear(in_features=512, out_features=512, bias=True)
          (out_proj): Linear(in_features=512, out_features=512, bias=True)
        )
        (activation_dropout_module): FairseqDropout()
        (self_attn_layer_norm): LayerNorm((512,), eps=1e-05, elementwise_affine=True)
        (encoder_attn): MultiheadAttention(
          (dropout_module): FairseqDropout()
          (k_proj): Linear(in_features=512, out_features=512, bias=True)
          (v_proj): Linear(in_features=512, out_features=512, bias=True)
          (q_proj): Linear(in_features=512, out_features=512, bias=True)
          (out_proj): Linear(in_features=512, out_features=512, bias=True)
        )
        (encoder_attn_layer_norm): LayerNorm((512,), eps=1e-05, elementwise_affine=True)
        (fc1): Linear(in_features=512, out_features=2048, bias=True)
        (fc2): Linear(in_features=2048, out_features=512, bias=True)
        (final_layer_norm): LayerNorm((512,), eps=1e-05, elementwise_affine=True)
      )
      (4): TransformerDecoderLayerBase(
        (dropout_module): FairseqDropout()
        (self_attn): MultiheadAttention(
          (dropout_module): FairseqDropout()
          (k_proj): Linear(in_features=512, out_features=512, bias=True)
          (v_proj): Linear(in_features=512, out_features=512, bias=True)
          (q_proj): Linear(in_features=512, out_features=512, bias=True)
          (out_proj): Linear(in_features=512, out_features=512, bias=True)
        )
        (activation_dropout_module): FairseqDropout()
        (self_attn_layer_norm): LayerNorm((512,), eps=1e-05, elementwise_affine=True)
        (encoder_attn): MultiheadAttention(
          (dropout_module): FairseqDropout()
          (k_proj): Linear(in_features=512, out_features=512, bias=True)
          (v_proj): Linear(in_features=512, out_features=512, bias=True)
          (q_proj): Linear(in_features=512, out_features=512, bias=True)
          (out_proj): Linear(in_features=512, out_features=512, bias=True)
        )
        (encoder_attn_layer_norm): LayerNorm((512,), eps=1e-05, elementwise_affine=True)
        (fc1): Linear(in_features=512, out_features=2048, bias=True)
        (fc2): Linear(in_features=2048, out_features=512, bias=True)
        (final_layer_norm): LayerNorm((512,), eps=1e-05, elementwise_affine=True)
      )
      (5): TransformerDecoderLayerBase(
        (dropout_module): FairseqDropout()
        (self_attn): MultiheadAttention(
          (dropout_module): FairseqDropout()
          (k_proj): Linear(in_features=512, out_features=512, bias=True)
          (v_proj): Linear(in_features=512, out_features=512, bias=True)
          (q_proj): Linear(in_features=512, out_features=512, bias=True)
          (out_proj): Linear(in_features=512, out_features=512, bias=True)
        )
        (activation_dropout_module): FairseqDropout()
        (self_attn_layer_norm): LayerNorm((512,), eps=1e-05, elementwise_affine=True)
        (encoder_attn): MultiheadAttention(
          (dropout_module): FairseqDropout()
          (k_proj): Linear(in_features=512, out_features=512, bias=True)
          (v_proj): Linear(in_features=512, out_features=512, bias=True)
          (q_proj): Linear(in_features=512, out_features=512, bias=True)
          (out_proj): Linear(in_features=512, out_features=512, bias=True)
        )
        (encoder_attn_layer_norm): LayerNorm((512,), eps=1e-05, elementwise_affine=True)
        (fc1): Linear(in_features=512, out_features=2048, bias=True)
        (fc2): Linear(in_features=2048, out_features=512, bias=True)
        (final_layer_norm): LayerNorm((512,), eps=1e-05, elementwise_affine=True)
      )
    )
    (output_projection): Linear(in_features=512, out_features=49992, bias=False)
  )
)
2022-03-17 18:23:52 | INFO | fairseq_cli.train | task: TranslationTask
2022-03-17 18:23:52 | INFO | fairseq_cli.train | model: TransformerModel
2022-03-17 18:23:52 | INFO | fairseq_cli.train | criterion: LabelSmoothedCrossEntropyCriterion
2022-03-17 18:23:52 | INFO | fairseq_cli.train | num. shared model params: 69,734,400 (num. trained: 69,734,400)
2022-03-17 18:23:52 | INFO | fairseq_cli.train | num. expert model params: 0 (num. trained: 0)
2022-03-17 18:23:52 | INFO | fairseq.data.data_utils | loaded 11,332 examples from: data/xsum-summarizer/valid.source-target.source
2022-03-17 18:23:52 | INFO | fairseq.data.data_utils | loaded 11,332 examples from: data/xsum-summarizer/valid.source-target.target
2022-03-17 18:23:52 | INFO | fairseq.tasks.translation | data/xsum-summarizer valid source-target 11332 examples
2022-03-17 18:26:06 | INFO | fairseq.trainer | detected shared parameter: encoder.embed_tokens.weight <- decoder.embed_tokens.weight
2022-03-17 18:26:07 | INFO | fairseq.trainer | detected shared parameter: encoder.embed_tokens.weight <- decoder.output_projection.weight
2022-03-17 18:26:07 | INFO | fairseq.utils | ***********************CUDA enviroments for all 1 workers***********************
2022-03-17 18:26:07 | INFO | fairseq.utils | rank   0: capabilities =  7.5  ; total memory = 10.761 GB ; name = NVIDIA GeForce RTX 2080 Ti              
2022-03-17 18:26:07 | INFO | fairseq.utils | ***********************CUDA enviroments for all 1 workers***********************
2022-03-17 18:26:07 | INFO | fairseq_cli.train | training on 1 devices (GPUs/TPUs)
2022-03-17 18:26:07 | INFO | fairseq_cli.train | max tokens per device = 4096 and max sentences per device = None
2022-03-17 18:26:07 | INFO | fairseq.trainer | Preparing to load checkpoint checkpoints/summarization_model/7/checkpoint_last.pt
2022-03-17 18:26:07 | INFO | fairseq.trainer | No existing checkpoint found checkpoints/summarization_model/7/checkpoint_last.pt
2022-03-17 18:26:07 | INFO | fairseq.trainer | loading train data for epoch 1
2022-03-17 18:26:08 | INFO | fairseq.data.data_utils | loaded 204,045 examples from: data/xsum-summarizer/train.source-target.source
2022-03-17 18:26:08 | INFO | fairseq.data.data_utils | loaded 204,045 examples from: data/xsum-summarizer/train.source-target.target
2022-03-17 18:26:08 | INFO | fairseq.tasks.translation | data/xsum-summarizer train source-target 204045 examples
2022-03-17 18:26:12 | INFO | fairseq.trainer | NOTE: your device may support faster training with --fp16 or --amp
2022-03-17 18:26:12 | INFO | fairseq.data.iterators | grouped total_num_itrs = 394
2022-03-17 18:26:12 | INFO | fairseq.trainer | begin training epoch 1
2022-03-17 18:26:12 | INFO | fairseq_cli.train | Start iterating over samples
2022-03-17 18:51:38 | INFO | train_inner | epoch 001:    100 / 394 loss=14.519, nll_loss=14.313, ppl=20346.6, wps=857.2, ups=0.07, wpb=13003.8, bsz=520.7, num_updates=100, lr=1.75975e-05, gnorm=2.848, train_wall=638, gb_free=7.2, wall=1531
2022-03-17 19:09:32 | INFO | train_inner | epoch 001:    200 / 394 loss=12.512, nll_loss=12.07, ppl=4300.45, wps=1206.3, ups=0.09, wpb=12952.3, bsz=518.3, num_updates=200, lr=3.5095e-05, gnorm=1.169, train_wall=619, gb_free=6.9, wall=2605
2022-03-17 19:46:14 | INFO | train_inner | epoch 001:    300 / 394 loss=11.236, nll_loss=10.599, ppl=1551.31, wps=601, ups=0.05, wpb=13236.4, bsz=527.7, num_updates=300, lr=5.25925e-05, gnorm=1.035, train_wall=1207, gb_free=7.2, wall=4807
2022-03-17 19:59:35 | INFO | fairseq_cli.train | begin validation on "valid" subset
/cluster/work/cotterell/liam/fairseq/fairseq/utils.py:374: UserWarning: amp_C fused kernels unavailable, disabling multi_tensor_l2norm; you may get better performance by installing NVIDIA's apex library
  warnings.warn(
2022-03-17 20:00:32 | INFO | valid | epoch 001 | valid on 'valid' subset | loss 10.415 | nll_loss 9.568 | ppl 758.92 | wps 5272.7 | wpb 203.8 | bsz 8.1 | num_updates 394
2022-03-17 20:00:32 | INFO | fairseq.checkpoint_utils | Preparing to save checkpoint for epoch 1 @ 394 updates
2022-03-17 20:00:32 | INFO | fairseq.trainer | Saving checkpoint to /cluster/work/cotterell/liam/master-thesis/checkpoints/summarization_model/7/checkpoint_best.pt
2022-03-17 20:00:36 | INFO | fairseq.trainer | Finished saving checkpoint to /cluster/work/cotterell/liam/master-thesis/checkpoints/summarization_model/7/checkpoint_best.pt
2022-03-17 20:00:36 | INFO | fairseq.checkpoint_utils | Saved checkpoint checkpoints/summarization_model/7/checkpoint_best.pt (epoch 1 @ 394 updates, score 10.415) (writing took 3.877236908301711 seconds)
2022-03-17 20:00:36 | INFO | fairseq_cli.train | end of epoch 1 (average epoch stats below)
2022-03-17 20:00:36 | INFO | train | epoch 001 | loss 12.263 | nll_loss 11.755 | ppl 3457.24 | wps 903 | ups 0.07 | wpb 12960 | bsz 517.9 | num_updates 394 | lr 6.90402e-05 | gnorm 1.535 | train_wall 3022 | gb_free 7.2 | wall 5670
2022-03-17 20:00:38 | INFO | fairseq.data.iterators | grouped total_num_itrs = 394
2022-03-17 20:00:38 | INFO | fairseq.trainer | begin training epoch 2
2022-03-17 20:00:38 | INFO | fairseq_cli.train | Start iterating over samples
2022-03-17 20:01:31 | INFO | train_inner | epoch 002:      6 / 394 loss=10.654, nll_loss=9.886, ppl=945.99, wps=1378.3, ups=0.11, wpb=12637.5, bsz=504.8, num_updates=400, lr=7.009e-05, gnorm=1.074, train_wall=595, gb_free=7.2, wall=5724
2022-03-17 20:13:16 | INFO | train_inner | epoch 002:    106 / 394 loss=10.285, nll_loss=9.451, ppl=700.05, wps=1856.9, ups=0.14, wpb=13088.6, bsz=522.6, num_updates=500, lr=8.75875e-05, gnorm=1.165, train_wall=613, gb_free=7.2, wall=6429
2022-03-17 20:24:44 | INFO | train_inner | epoch 002:    206 / 394 loss=9.904, nll_loss=9.018, ppl=518.29, wps=1905.3, ups=0.15, wpb=13113.9, bsz=525.2, num_updates=600, lr=0.000105085, gnorm=1.228, train_wall=609, gb_free=7.1, wall=7117
2022-03-17 20:35:56 | INFO | train_inner | epoch 002:    306 / 394 loss=9.569, nll_loss=8.633, ppl=397.04, wps=1932.7, ups=0.15, wpb=12977.6, bsz=517.1, num_updates=700, lr=0.000122583, gnorm=1.213, train_wall=603, gb_free=7.2, wall=7789
2022-03-17 20:45:45 | INFO | fairseq_cli.train | begin validation on "valid" subset
2022-03-17 20:46:48 | INFO | valid | epoch 002 | valid on 'valid' subset | loss 9.057 | nll_loss 8.008 | ppl 257.36 | wps 4782.8 | wpb 203.8 | bsz 8.1 | num_updates 788 | best_loss 9.057
2022-03-17 20:46:48 | INFO | fairseq.checkpoint_utils | Preparing to save checkpoint for epoch 2 @ 788 updates
2022-03-17 20:46:48 | INFO | fairseq.trainer | Saving checkpoint to /cluster/work/cotterell/liam/master-thesis/checkpoints/summarization_model/7/checkpoint_best.pt
2022-03-17 20:46:52 | INFO | fairseq.trainer | Finished saving checkpoint to /cluster/work/cotterell/liam/master-thesis/checkpoints/summarization_model/7/checkpoint_best.pt
2022-03-17 20:46:52 | INFO | fairseq.checkpoint_utils | Saved checkpoint checkpoints/summarization_model/7/checkpoint_best.pt (epoch 2 @ 788 updates, score 9.057) (writing took 4.028680211864412 seconds)
2022-03-17 20:46:52 | INFO | fairseq_cli.train | end of epoch 2 (average epoch stats below)
2022-03-17 20:46:52 | INFO | train | epoch 002 | loss 9.793 | nll_loss 8.888 | ppl 473.88 | wps 1839.7 | ups 0.14 | wpb 12960 | bsz 517.9 | num_updates 788 | lr 0.00013798 | gnorm 1.206 | train_wall 2400 | gb_free 7.2 | wall 8445
2022-03-17 20:46:54 | INFO | fairseq.data.iterators | grouped total_num_itrs = 394
2022-03-17 20:46:54 | INFO | fairseq.trainer | begin training epoch 3
2022-03-17 20:46:54 | INFO | fairseq_cli.train | Start iterating over samples
2022-03-17 20:48:37 | INFO | train_inner | epoch 003:     12 / 394 loss=9.279, nll_loss=8.298, ppl=314.64, wps=1664.7, ups=0.13, wpb=12678.2, bsz=506.6, num_updates=800, lr=0.00014008, gnorm=1.244, train_wall=608, gb_free=7.2, wall=8550
2022-03-17 21:04:20 | INFO | train_inner | epoch 003:    112 / 394 loss=8.998, nll_loss=7.973, ppl=251.18, wps=1389.1, ups=0.11, wpb=13094.1, bsz=523.9, num_updates=900, lr=0.000157578, gnorm=1.194, train_wall=622, gb_free=7.2, wall=9493
2022-03-17 21:25:45 | INFO | train_inner | epoch 003:    212 / 394 loss=8.775, nll_loss=7.714, ppl=209.96, wps=1018.9, ups=0.08, wpb=13099.7, bsz=524, num_updates=1000, lr=0.000175075, gnorm=1.132, train_wall=646, gb_free=6.8, wall=10779
2022-03-17 21:39:30 | INFO | train_inner | epoch 003:    312 / 394 loss=8.607, nll_loss=7.519, ppl=183.38, wps=1575.1, ups=0.12, wpb=12989.2, bsz=517.4, num_updates=1100, lr=0.000192573, gnorm=1.109, train_wall=612, gb_free=7.2, wall=11603
2022-03-17 21:48:45 | INFO | fairseq_cli.train | begin validation on "valid" subset
2022-03-17 21:49:45 | INFO | valid | epoch 003 | valid on 'valid' subset | loss 8.225 | nll_loss 7.043 | ppl 131.86 | wps 4929.5 | wpb 203.8 | bsz 8.1 | num_updates 1182 | best_loss 8.225
2022-03-17 21:49:45 | INFO | fairseq.checkpoint_utils | Preparing to save checkpoint for epoch 3 @ 1182 updates
2022-03-17 21:49:45 | INFO | fairseq.trainer | Saving checkpoint to /cluster/work/cotterell/liam/master-thesis/checkpoints/summarization_model/7/checkpoint_best.pt
2022-03-17 21:49:48 | INFO | fairseq.trainer | Finished saving checkpoint to /cluster/work/cotterell/liam/master-thesis/checkpoints/summarization_model/7/checkpoint_best.pt
2022-03-17 21:49:48 | INFO | fairseq.checkpoint_utils | Saved checkpoint checkpoints/summarization_model/7/checkpoint_best.pt (epoch 3 @ 1182 updates, score 8.225) (writing took 3.1038080528378487 seconds)
2022-03-17 21:49:48 | INFO | fairseq_cli.train | end of epoch 3 (average epoch stats below)
2022-03-17 21:49:48 | INFO | train | epoch 003 | loss 8.735 | nll_loss 7.668 | ppl 203.33 | wps 1352.4 | ups 0.1 | wpb 12960 | bsz 517.9 | num_updates 1182 | lr 0.00020692 | gnorm 1.154 | train_wall 2438 | gb_free 7.2 | wall 12221
2022-03-17 21:49:50 | INFO | fairseq.data.iterators | grouped total_num_itrs = 394
2022-03-17 21:49:50 | INFO | fairseq.trainer | begin training epoch 4
2022-03-17 21:49:50 | INFO | fairseq_cli.train | Start iterating over samples
2022-03-17 21:51:55 | INFO | train_inner | epoch 004:     18 / 394 loss=8.419, nll_loss=7.301, ppl=157.67, wps=1709.6, ups=0.13, wpb=12739.2, bsz=509.4, num_updates=1200, lr=0.00021007, gnorm=1.142, train_wall=594, gb_free=7.2, wall=12349
2022-03-17 22:05:38 | INFO | train_inner | epoch 004:    118 / 394 loss=8.212, nll_loss=7.061, ppl=133.5, wps=1584.4, ups=0.12, wpb=13031.5, bsz=520.6, num_updates=1300, lr=0.000227568, gnorm=1.097, train_wall=608, gb_free=7.2, wall=13171
2022-03-17 22:40:17 | INFO | train_inner | epoch 004:    218 / 394 loss=8.073, nll_loss=6.899, ppl=119.35, wps=627.1, ups=0.05, wpb=13037, bsz=523.3, num_updates=1400, lr=0.000245065, gnorm=1.067, train_wall=665, gb_free=7.2, wall=15250
2022-03-17 22:56:41 | INFO | train_inner | epoch 004:    318 / 394 loss=7.969, nll_loss=6.777, ppl=109.63, wps=1303.8, ups=0.1, wpb=12838.5, bsz=511.6, num_updates=1500, lr=0.000262563, gnorm=1.026, train_wall=643, gb_free=7.2, wall=16235
2022-03-17 23:06:55 | INFO | fairseq_cli.train | begin validation on "valid" subset
2022-03-17 23:07:54 | INFO | valid | epoch 004 | valid on 'valid' subset | loss 7.649 | nll_loss 6.356 | ppl 81.93 | wps 5106.4 | wpb 203.8 | bsz 8.1 | num_updates 1576 | best_loss 7.649
2022-03-17 23:07:54 | INFO | fairseq.checkpoint_utils | Preparing to save checkpoint for epoch 4 @ 1576 updates
2022-03-17 23:07:54 | INFO | fairseq.trainer | Saving checkpoint to /cluster/work/cotterell/liam/master-thesis/checkpoints/summarization_model/7/checkpoint_best.pt
2022-03-17 23:07:58 | INFO | fairseq.trainer | Finished saving checkpoint to /cluster/work/cotterell/liam/master-thesis/checkpoints/summarization_model/7/checkpoint_best.pt
2022-03-17 23:07:58 | INFO | fairseq.checkpoint_utils | Saved checkpoint checkpoints/summarization_model/7/checkpoint_best.pt (epoch 4 @ 1576 updates, score 7.649) (writing took 3.9166828971356153 seconds)
2022-03-17 23:07:58 | INFO | fairseq_cli.train | end of epoch 4 (average epoch stats below)
2022-03-17 23:07:58 | INFO | train | epoch 004 | loss 8.05 | nll_loss 6.871 | ppl 117.08 | wps 1088.6 | ups 0.08 | wpb 12960 | bsz 517.9 | num_updates 1576 | lr 0.000275861 | gnorm 1.057 | train_wall 2477 | gb_free 7.2 | wall 16911
2022-03-17 23:07:58 | INFO | fairseq.data.iterators | grouped total_num_itrs = 394
2022-03-17 23:07:58 | INFO | fairseq.trainer | begin training epoch 5
2022-03-17 23:07:58 | INFO | fairseq_cli.train | Start iterating over samples
2022-03-17 23:10:55 | INFO | train_inner | epoch 005:     24 / 394 loss=7.816, nll_loss=6.6, ppl=97.04, wps=1503.9, ups=0.12, wpb=12831.6, bsz=512.1, num_updates=1600, lr=0.00028006, gnorm=1.007, train_wall=598, gb_free=6.6, wall=17088
2022-03-17 23:23:16 | INFO | train_inner | epoch 005:    124 / 394 loss=7.653, nll_loss=6.411, ppl=85.08, wps=1757.3, ups=0.13, wpb=13034.8, bsz=522, num_updates=1700, lr=0.000297558, gnorm=0.983, train_wall=617, gb_free=7.2, wall=17830
2022-03-17 23:34:56 | INFO | train_inner | epoch 005:    224 / 394 loss=7.573, nll_loss=6.316, ppl=79.67, wps=1865.4, ups=0.14, wpb=13056.5, bsz=520.3, num_updates=1800, lr=0.000315055, gnorm=0.94, train_wall=599, gb_free=7.2, wall=18530
2022-03-17 23:46:03 | INFO | train_inner | epoch 005:    324 / 394 loss=7.474, nll_loss=6.2, ppl=73.52, wps=1945.1, ups=0.15, wpb=12968.4, bsz=519, num_updates=1900, lr=0.000332553, gnorm=0.943, train_wall=597, gb_free=7.2, wall=19196
2022-03-17 23:53:50 | INFO | fairseq_cli.train | begin validation on "valid" subset
2022-03-17 23:54:47 | INFO | valid | epoch 005 | valid on 'valid' subset | loss 7.235 | nll_loss 5.883 | ppl 59 | wps 5279.1 | wpb 203.8 | bsz 8.1 | num_updates 1970 | best_loss 7.235
2022-03-17 23:54:47 | INFO | fairseq.checkpoint_utils | Preparing to save checkpoint for epoch 5 @ 1970 updates
2022-03-17 23:54:47 | INFO | fairseq.trainer | Saving checkpoint to /cluster/work/cotterell/liam/master-thesis/checkpoints/summarization_model/7/checkpoint_best.pt
2022-03-17 23:54:50 | INFO | fairseq.trainer | Finished saving checkpoint to /cluster/work/cotterell/liam/master-thesis/checkpoints/summarization_model/7/checkpoint_best.pt
2022-03-17 23:54:50 | INFO | fairseq.checkpoint_utils | Saved checkpoint checkpoints/summarization_model/7/checkpoint_best.pt (epoch 5 @ 1970 updates, score 7.235) (writing took 2.9660226367413998 seconds)
2022-03-17 23:54:50 | INFO | fairseq_cli.train | end of epoch 5 (average epoch stats below)
2022-03-17 23:54:50 | INFO | train | epoch 005 | loss 7.547 | nll_loss 6.286 | ppl 78.05 | wps 1815.8 | ups 0.14 | wpb 12960 | bsz 517.9 | num_updates 1970 | lr 0.000344801 | gnorm 0.95 | train_wall 2379 | gb_free 7.2 | wall 19723
2022-03-17 23:54:51 | INFO | fairseq.data.iterators | grouped total_num_itrs = 394
2022-03-17 23:54:51 | INFO | fairseq.trainer | begin training epoch 6
2022-03-17 23:54:51 | INFO | fairseq_cli.train | Start iterating over samples
2022-03-17 23:58:30 | INFO | train_inner | epoch 006:     30 / 394 loss=7.367, nll_loss=6.077, ppl=67.52, wps=1708.2, ups=0.13, wpb=12754.9, bsz=509.6, num_updates=2000, lr=0.00035005, gnorm=0.938, train_wall=613, gb_free=7.2, wall=19943
2022-03-18 00:16:37 | INFO | train_inner | epoch 006:    130 / 394 loss=7.228, nll_loss=5.914, ppl=60.31, wps=1188.1, ups=0.09, wpb=12912.3, bsz=515.5, num_updates=2100, lr=0.000367548, gnorm=0.91, train_wall=623, gb_free=7.2, wall=21030
2022-03-18 00:31:19 | INFO | train_inner | epoch 006:    230 / 394 loss=7.18, nll_loss=5.857, ppl=57.94, wps=1466.1, ups=0.11, wpb=12939.5, bsz=517.4, num_updates=2200, lr=0.000385045, gnorm=0.903, train_wall=619, gb_free=7.2, wall=21912
2022-03-18 00:43:49 | INFO | train_inner | epoch 006:    330 / 394 loss=7.11, nll_loss=5.775, ppl=54.75, wps=1742.7, ups=0.13, wpb=13059, bsz=522.6, num_updates=2300, lr=0.000402543, gnorm=0.86, train_wall=607, gb_free=7.2, wall=22662
2022-03-18 00:50:58 | INFO | fairseq_cli.train | begin validation on "valid" subset
2022-03-18 00:51:54 | INFO | valid | epoch 006 | valid on 'valid' subset | loss 7.001 | nll_loss 5.596 | ppl 48.37 | wps 5264.8 | wpb 203.8 | bsz 8.1 | num_updates 2364 | best_loss 7.001
2022-03-18 00:51:54 | INFO | fairseq.checkpoint_utils | Preparing to save checkpoint for epoch 6 @ 2364 updates
2022-03-18 00:51:54 | INFO | fairseq.trainer | Saving checkpoint to /cluster/work/cotterell/liam/master-thesis/checkpoints/summarization_model/7/checkpoint_best.pt
2022-03-18 00:51:57 | INFO | fairseq.trainer | Finished saving checkpoint to /cluster/work/cotterell/liam/master-thesis/checkpoints/summarization_model/7/checkpoint_best.pt
2022-03-18 00:51:57 | INFO | fairseq.checkpoint_utils | Saved checkpoint checkpoints/summarization_model/7/checkpoint_best.pt (epoch 6 @ 2364 updates, score 7.001) (writing took 3.4783012503758073 seconds)
2022-03-18 00:51:57 | INFO | fairseq_cli.train | end of epoch 6 (average epoch stats below)
2022-03-18 00:51:57 | INFO | train | epoch 006 | loss 7.163 | nll_loss 5.838 | ppl 57.21 | wps 1489.9 | ups 0.11 | wpb 12960 | bsz 517.9 | num_updates 2364 | lr 0.000413741 | gnorm 0.893 | train_wall 2420 | gb_free 7.2 | wall 23151
2022-03-18 00:51:59 | INFO | fairseq.data.iterators | grouped total_num_itrs = 394
2022-03-18 00:51:59 | INFO | fairseq.trainer | begin training epoch 7
2022-03-18 00:51:59 | INFO | fairseq_cli.train | Start iterating over samples
2022-03-18 00:55:42 | INFO | train_inner | epoch 007:     36 / 394 loss=7.011, nll_loss=5.661, ppl=50.59, wps=1810.7, ups=0.14, wpb=12911.7, bsz=515.5, num_updates=2400, lr=0.00042004, gnorm=0.871, train_wall=590, gb_free=6.2, wall=23375
2022-03-18 01:07:43 | INFO | train_inner | epoch 007:    136 / 394 loss=6.884, nll_loss=5.513, ppl=45.67, wps=1819.9, ups=0.14, wpb=13125.9, bsz=526.7, num_updates=2500, lr=0.000437538, gnorm=0.846, train_wall=614, gb_free=7.2, wall=24096
2022-03-18 01:30:07 | INFO | train_inner | epoch 007:    236 / 394 loss=6.876, nll_loss=5.501, ppl=45.29, wps=959.7, ups=0.07, wpb=12899.1, bsz=514.9, num_updates=2600, lr=0.000455035, gnorm=0.836, train_wall=640, gb_free=7.2, wall=25440
2022-03-18 01:50:59 | INFO | train_inner | epoch 007:    336 / 394 loss=6.836, nll_loss=5.454, ppl=43.84, wps=1041.5, ups=0.08, wpb=13043.3, bsz=519.2, num_updates=2700, lr=0.000472533, gnorm=0.826, train_wall=611, gb_free=7.2, wall=26693
2022-03-18 01:58:47 | INFO | fairseq_cli.train | begin validation on "valid" subset
2022-03-18 01:59:46 | INFO | valid | epoch 007 | valid on 'valid' subset | loss 6.782 | nll_loss 5.347 | ppl 40.69 | wps 5073.7 | wpb 203.8 | bsz 8.1 | num_updates 2758 | best_loss 6.782
2022-03-18 01:59:46 | INFO | fairseq.checkpoint_utils | Preparing to save checkpoint for epoch 7 @ 2758 updates
2022-03-18 01:59:46 | INFO | fairseq.trainer | Saving checkpoint to /cluster/work/cotterell/liam/master-thesis/checkpoints/summarization_model/7/checkpoint_best.pt
2022-03-18 01:59:49 | INFO | fairseq.trainer | Finished saving checkpoint to /cluster/work/cotterell/liam/master-thesis/checkpoints/summarization_model/7/checkpoint_best.pt
2022-03-18 01:59:49 | INFO | fairseq.checkpoint_utils | Saved checkpoint checkpoints/summarization_model/7/checkpoint_best.pt (epoch 7 @ 2758 updates, score 6.782) (writing took 3.482968150638044 seconds)
2022-03-18 01:59:49 | INFO | fairseq_cli.train | end of epoch 7 (average epoch stats below)
2022-03-18 01:59:49 | INFO | train | epoch 007 | loss 6.86 | nll_loss 5.484 | ppl 44.74 | wps 1254 | ups 0.1 | wpb 12960 | bsz 517.9 | num_updates 2758 | lr 0.000482681 | gnorm 0.84 | train_wall 2414 | gb_free 7.6 | wall 27223
2022-03-18 01:59:50 | INFO | fairseq.data.iterators | grouped total_num_itrs = 394
2022-03-18 01:59:50 | INFO | fairseq.trainer | begin training epoch 8
2022-03-18 01:59:50 | INFO | fairseq_cli.train | Start iterating over samples
2022-03-18 02:05:18 | INFO | train_inner | epoch 008:     42 / 394 loss=6.738, nll_loss=5.342, ppl=40.55, wps=1491.5, ups=0.12, wpb=12811.9, bsz=509.8, num_updates=2800, lr=0.00049003, gnorm=0.823, train_wall=597, gb_free=7.2, wall=27552
2022-03-18 02:17:01 | INFO | train_inner | epoch 008:    142 / 394 loss=6.621, nll_loss=5.205, ppl=36.9, wps=1858.3, ups=0.14, wpb=13062.9, bsz=522.7, num_updates=2900, lr=0.000507527, gnorm=0.79, train_wall=597, gb_free=6.9, wall=28255
2022-03-18 02:28:09 | INFO | train_inner | epoch 008:    242 / 394 loss=6.611, nll_loss=5.191, ppl=36.54, wps=1933.9, ups=0.15, wpb=12918.3, bsz=516.6, num_updates=3000, lr=0.000525025, gnorm=0.804, train_wall=603, gb_free=7.2, wall=28922
2022-03-18 02:39:08 | INFO | train_inner | epoch 008:    342 / 394 loss=6.605, nll_loss=5.184, ppl=36.36, wps=1969.2, ups=0.15, wpb=12979.3, bsz=517.7, num_updates=3100, lr=0.000542522, gnorm=0.778, train_wall=607, gb_free=7.2, wall=29582
2022-03-18 02:44:50 | INFO | fairseq_cli.train | begin validation on "valid" subset
2022-03-18 02:45:49 | INFO | valid | epoch 008 | valid on 'valid' subset | loss 6.718 | nll_loss 5.245 | ppl 37.93 | wps 5070.3 | wpb 203.8 | bsz 8.1 | num_updates 3152 | best_loss 6.718
2022-03-18 02:45:49 | INFO | fairseq.checkpoint_utils | Preparing to save checkpoint for epoch 8 @ 3152 updates
2022-03-18 02:45:49 | INFO | fairseq.trainer | Saving checkpoint to /cluster/work/cotterell/liam/master-thesis/checkpoints/summarization_model/7/checkpoint_best.pt
2022-03-18 02:45:52 | INFO | fairseq.trainer | Finished saving checkpoint to /cluster/work/cotterell/liam/master-thesis/checkpoints/summarization_model/7/checkpoint_best.pt
2022-03-18 02:45:52 | INFO | fairseq.checkpoint_utils | Saved checkpoint checkpoints/summarization_model/7/checkpoint_best.pt (epoch 8 @ 3152 updates, score 6.718) (writing took 2.999598708935082 seconds)
2022-03-18 02:45:52 | INFO | fairseq_cli.train | end of epoch 8 (average epoch stats below)
2022-03-18 02:45:52 | INFO | train | epoch 008 | loss 6.611 | nll_loss 5.193 | ppl 36.59 | wps 1848.3 | ups 0.14 | wpb 12960 | bsz 517.9 | num_updates 3152 | lr 0.000551621 | gnorm 0.795 | train_wall 2371 | gb_free 7.2 | wall 29985
2022-03-18 02:45:52 | INFO | fairseq.data.iterators | grouped total_num_itrs = 394
2022-03-18 02:45:52 | INFO | fairseq.trainer | begin training epoch 9
2022-03-18 02:45:52 | INFO | fairseq_cli.train | Start iterating over samples
2022-03-18 02:53:25 | INFO | train_inner | epoch 009:     48 / 394 loss=6.481, nll_loss=5.044, ppl=32.99, wps=1523.4, ups=0.12, wpb=13056.4, bsz=522.9, num_updates=3200, lr=0.00056002, gnorm=0.782, train_wall=594, gb_free=7.2, wall=30439
2022-03-18 03:13:45 | INFO | train_inner | epoch 009:    148 / 394 loss=6.404, nll_loss=4.953, ppl=30.96, wps=1051.3, ups=0.08, wpb=12818.3, bsz=513.2, num_updates=3300, lr=0.000577518, gnorm=0.784, train_wall=635, gb_free=7.2, wall=31658
2022-03-18 03:27:48 | INFO | train_inner | epoch 009:    248 / 394 loss=6.41, nll_loss=4.957, ppl=31.06, wps=1545.6, ups=0.12, wpb=13040.4, bsz=521, num_updates=3400, lr=0.000595015, gnorm=0.766, train_wall=613, gb_free=7, wall=32502
2022-03-18 03:39:43 | INFO | train_inner | epoch 009:    348 / 394 loss=6.409, nll_loss=4.956, ppl=31.04, wps=1824.3, ups=0.14, wpb=13041.3, bsz=521.6, num_updates=3500, lr=0.000612513, gnorm=0.762, train_wall=613, gb_free=7.2, wall=33217
2022-03-18 03:45:18 | INFO | fairseq_cli.train | begin validation on "valid" subset
2022-03-18 03:46:16 | INFO | valid | epoch 009 | valid on 'valid' subset | loss 6.768 | nll_loss 5.288 | ppl 39.08 | wps 5216 | wpb 203.8 | bsz 8.1 | num_updates 3546 | best_loss 6.718
2022-03-18 03:46:16 | INFO | fairseq.checkpoint_utils | Preparing to save checkpoint for epoch 9 @ 3546 updates
2022-03-18 03:46:16 | INFO | fairseq_cli.train | end of epoch 9 (average epoch stats below)
2022-03-18 03:46:16 | INFO | train | epoch 009 | loss 6.405 | nll_loss 4.952 | ppl 30.96 | wps 1408.9 | ups 0.11 | wpb 12960 | bsz 517.9 | num_updates 3546 | lr 0.000620561 | gnorm 0.769 | train_wall 2418 | gb_free 7.7 | wall 33609
2022-03-18 03:46:16 | INFO | fairseq.data.iterators | grouped total_num_itrs = 394
2022-03-18 03:46:16 | INFO | fairseq.trainer | begin training epoch 10
2022-03-18 03:46:16 | INFO | fairseq_cli.train | Start iterating over samples
2022-03-18 03:52:33 | INFO | train_inner | epoch 010:     54 / 394 loss=6.293, nll_loss=4.825, ppl=28.34, wps=1658.2, ups=0.13, wpb=12761.7, bsz=510.4, num_updates=3600, lr=0.00063001, gnorm=0.754, train_wall=592, gb_free=7.2, wall=33986
2022-03-18 04:04:09 | INFO | train_inner | epoch 010:    154 / 394 loss=6.233, nll_loss=4.752, ppl=26.95, wps=1850.5, ups=0.14, wpb=12885.8, bsz=514.3, num_updates=3700, lr=0.000647508, gnorm=0.764, train_wall=599, gb_free=7.1, wall=34683
2022-03-18 04:15:22 | INFO | train_inner | epoch 010:    254 / 394 loss=6.225, nll_loss=4.742, ppl=26.76, wps=1951.4, ups=0.15, wpb=13129.6, bsz=526.3, num_updates=3800, lr=0.000665005, gnorm=0.737, train_wall=604, gb_free=6.6, wall=35355
2022-03-18 04:26:41 | INFO | train_inner | epoch 010:    354 / 394 loss=6.256, nll_loss=4.778, ppl=27.44, wps=1908.3, ups=0.15, wpb=12959.1, bsz=517, num_updates=3900, lr=0.000682503, gnorm=0.737, train_wall=595, gb_free=7.2, wall=36034
2022-03-18 04:31:12 | INFO | fairseq_cli.train | begin validation on "valid" subset
2022-03-18 04:32:09 | INFO | valid | epoch 010 | valid on 'valid' subset | loss 7.02 | nll_loss 5.549 | ppl 46.81 | wps 5246.6 | wpb 203.8 | bsz 8.1 | num_updates 3940 | best_loss 6.718
2022-03-18 04:32:09 | INFO | fairseq.checkpoint_utils | Preparing to save checkpoint for epoch 10 @ 3940 updates
2022-03-18 04:32:09 | INFO | fairseq_cli.train | end of epoch 10 (average epoch stats below)
2022-03-18 04:32:09 | INFO | train | epoch 010 | loss 6.236 | nll_loss 4.755 | ppl 27.01 | wps 1854.8 | ups 0.14 | wpb 12960 | bsz 517.9 | num_updates 3940 | lr 0.000689501 | gnorm 0.749 | train_wall 2361 | gb_free 7.2 | wall 36362
2022-03-18 04:32:10 | INFO | fairseq.data.iterators | grouped total_num_itrs = 394
2022-03-18 04:32:10 | INFO | fairseq.trainer | begin training epoch 11
2022-03-18 04:32:10 | INFO | fairseq_cli.train | Start iterating over samples
2022-03-18 04:38:45 | INFO | train_inner | epoch 011:     60 / 394 loss=6.127, nll_loss=4.631, ppl=24.78, wps=1776.9, ups=0.14, wpb=12854.6, bsz=512.9, num_updates=4000, lr=0.0007, gnorm=0.756, train_wall=592, gb_free=5.5, wall=36758
2022-03-18 04:49:43 | INFO | train_inner | epoch 011:    160 / 394 loss=6.074, nll_loss=4.567, ppl=23.71, wps=1968.9, ups=0.15, wpb=12956.7, bsz=518.3, num_updates=4100, lr=0.000691411, gnorm=0.743, train_wall=611, gb_free=7.2, wall=37416
2022-03-18 05:00:38 | INFO | train_inner | epoch 011:    260 / 394 loss=6.097, nll_loss=4.593, ppl=24.13, wps=1987.6, ups=0.15, wpb=13018.1, bsz=518.6, num_updates=4200, lr=0.00068313, gnorm=0.725, train_wall=608, gb_free=7.2, wall=38071
2022-03-18 05:11:30 | INFO | train_inner | epoch 011:    360 / 394 loss=6.089, nll_loss=4.585, ppl=24, wps=1999, ups=0.15, wpb=13036.7, bsz=521.2, num_updates=4300, lr=0.00067514, gnorm=0.702, train_wall=599, gb_free=7.2, wall=38723
2022-03-18 05:19:00 | INFO | fairseq_cli.train | begin validation on "valid" subset
2022-03-18 05:19:58 | INFO | valid | epoch 011 | valid on 'valid' subset | loss 6.952 | nll_loss 5.452 | ppl 43.77 | wps 5222.5 | wpb 203.8 | bsz 8.1 | num_updates 4334 | best_loss 6.718
2022-03-18 05:19:58 | INFO | fairseq.checkpoint_utils | Preparing to save checkpoint for epoch 11 @ 4334 updates
2022-03-18 05:19:58 | INFO | fairseq_cli.train | end of epoch 11 (average epoch stats below)
2022-03-18 05:19:58 | INFO | train | epoch 011 | loss 6.081 | nll_loss 4.576 | ppl 23.85 | wps 1779.9 | ups 0.14 | wpb 12960 | bsz 517.9 | num_updates 4334 | lr 0.000672487 | gnorm 0.727 | train_wall 2371 | gb_free 7.2 | wall 39231
2022-03-18 05:19:59 | INFO | fairseq.data.iterators | grouped total_num_itrs = 394
2022-03-18 05:19:59 | INFO | fairseq.trainer | begin training epoch 12
2022-03-18 05:19:59 | INFO | fairseq_cli.train | Start iterating over samples
2022-03-18 05:31:32 | INFO | train_inner | epoch 012:     66 / 394 loss=5.946, nll_loss=4.422, ppl=21.43, wps=1065.9, ups=0.08, wpb=12817.9, bsz=512.5, num_updates=4400, lr=0.000667424, gnorm=0.72, train_wall=602, gb_free=7.2, wall=39926
2022-03-18 05:45:00 | INFO | train_inner | epoch 012:    166 / 394 loss=5.906, nll_loss=4.371, ppl=20.7, wps=1612.5, ups=0.12, wpb=13023.8, bsz=518.5, num_updates=4500, lr=0.000659966, gnorm=0.71, train_wall=609, gb_free=7.2, wall=40733
2022-03-18 05:56:07 | INFO | train_inner | epoch 012:    266 / 394 loss=5.914, nll_loss=4.381, ppl=20.84, wps=1953.6, ups=0.15, wpb=13035.1, bsz=521.8, num_updates=4600, lr=0.000652753, gnorm=0.697, train_wall=595, gb_free=6.6, wall=41401
2022-03-18 06:07:12 | INFO | train_inner | epoch 012:    366 / 394 loss=5.942, nll_loss=4.414, ppl=21.32, wps=1955, ups=0.15, wpb=12990.7, bsz=520.1, num_updates=4700, lr=0.000645772, gnorm=0.69, train_wall=613, gb_free=7.2, wall=42065
2022-03-18 06:09:59 | INFO | fairseq_cli.train | begin validation on "valid" subset
2022-03-18 06:10:57 | INFO | valid | epoch 012 | valid on 'valid' subset | loss 6.962 | nll_loss 5.458 | ppl 43.97 | wps 5238.1 | wpb 203.8 | bsz 8.1 | num_updates 4728 | best_loss 6.718
2022-03-18 06:10:57 | INFO | fairseq.checkpoint_utils | Preparing to save checkpoint for epoch 12 @ 4728 updates
2022-03-18 06:10:57 | INFO | fairseq_cli.train | end of epoch 12 (average epoch stats below)
2022-03-18 06:10:57 | INFO | train | epoch 012 | loss 5.912 | nll_loss 4.38 | ppl 20.82 | wps 1669.6 | ups 0.13 | wpb 12960 | bsz 517.9 | num_updates 4728 | lr 0.000643857 | gnorm 0.705 | train_wall 2379 | gb_free 7.2 | wall 42290
2022-03-18 06:10:57 | INFO | fairseq.data.iterators | grouped total_num_itrs = 394
2022-03-18 06:10:57 | INFO | fairseq.trainer | begin training epoch 13
2022-03-18 06:10:57 | INFO | fairseq_cli.train | Start iterating over samples
2022-03-18 06:19:35 | INFO | train_inner | epoch 013:     72 / 394 loss=5.761, nll_loss=4.207, ppl=18.47, wps=1722.2, ups=0.13, wpb=12807.3, bsz=513.4, num_updates=4800, lr=0.00063901, gnorm=0.7, train_wall=591, gb_free=7.2, wall=42809
2022-03-18 06:40:25 | INFO | train_inner | epoch 013:    172 / 394 loss=5.76, nll_loss=4.202, ppl=18.41, wps=1035.5, ups=0.08, wpb=12935.5, bsz=515.7, num_updates=4900, lr=0.000632456, gnorm=0.694, train_wall=611, gb_free=7.2, wall=44058
2022-03-18 07:01:05 | INFO | train_inner | epoch 013:    272 / 394 loss=5.775, nll_loss=4.22, ppl=18.63, wps=1044.3, ups=0.08, wpb=12949, bsz=517.9, num_updates=5000, lr=0.000626099, gnorm=0.684, train_wall=619, gb_free=6.5, wall=45298
2022-03-18 07:15:24 | INFO | train_inner | epoch 013:    372 / 394 loss=5.8, nll_loss=4.249, ppl=19.01, wps=1521.6, ups=0.12, wpb=13083, bsz=521.4, num_updates=5100, lr=0.00061993, gnorm=0.667, train_wall=620, gb_free=7.2, wall=46158
2022-03-18 07:17:47 | INFO | fairseq_cli.train | begin validation on "valid" subset
2022-03-18 07:18:45 | INFO | valid | epoch 013 | valid on 'valid' subset | loss 7.061 | nll_loss 5.556 | ppl 47.05 | wps 5180.5 | wpb 203.8 | bsz 8.1 | num_updates 5122 | best_loss 6.718
2022-03-18 07:18:45 | INFO | fairseq.checkpoint_utils | Preparing to save checkpoint for epoch 13 @ 5122 updates
2022-03-18 07:18:45 | INFO | fairseq_cli.train | end of epoch 13 (average epoch stats below)
2022-03-18 07:18:45 | INFO | train | epoch 013 | loss 5.765 | nll_loss 4.209 | ppl 18.49 | wps 1255.2 | ups 0.1 | wpb 12960 | bsz 517.9 | num_updates 5122 | lr 0.000618598 | gnorm 0.684 | train_wall 2406 | gb_free 7.2 | wall 46358
2022-03-18 07:18:45 | INFO | fairseq.data.iterators | grouped total_num_itrs = 394
2022-03-18 07:18:45 | INFO | fairseq.trainer | begin training epoch 14
2022-03-18 07:18:45 | INFO | fairseq_cli.train | Start iterating over samples
2022-03-18 07:27:32 | INFO | train_inner | epoch 014:     78 / 394 loss=5.628, nll_loss=4.051, ppl=16.58, wps=1771.9, ups=0.14, wpb=12890.6, bsz=514.9, num_updates=5200, lr=0.000613941, gnorm=0.683, train_wall=586, gb_free=7.2, wall=46885
2022-03-18 07:38:52 | INFO | train_inner | epoch 014:    178 / 394 loss=5.622, nll_loss=4.041, ppl=16.47, wps=1916.9, ups=0.15, wpb=13030.5, bsz=520.9, num_updates=5300, lr=0.000608121, gnorm=0.679, train_wall=607, gb_free=7.2, wall=47565
2022-03-18 07:49:59 | INFO | train_inner | epoch 014:    278 / 394 loss=5.638, nll_loss=4.06, ppl=16.68, wps=1954.6, ups=0.15, wpb=13039.2, bsz=522.1, num_updates=5400, lr=0.000602464, gnorm=0.662, train_wall=601, gb_free=7.2, wall=48232
2022-03-18 08:00:56 | INFO | train_inner | epoch 014:    378 / 394 loss=5.705, nll_loss=4.138, ppl=17.61, wps=1951.6, ups=0.15, wpb=12836, bsz=513.1, num_updates=5500, lr=0.000596962, gnorm=0.674, train_wall=600, gb_free=7.2, wall=48890
2022-03-18 08:02:35 | INFO | fairseq_cli.train | begin validation on "valid" subset
2022-03-18 08:03:31 | INFO | valid | epoch 014 | valid on 'valid' subset | loss 6.979 | nll_loss 5.459 | ppl 43.97 | wps 5253.3 | wpb 203.8 | bsz 8.1 | num_updates 5516 | best_loss 6.718
2022-03-18 08:03:31 | INFO | fairseq.checkpoint_utils | Preparing to save checkpoint for epoch 14 @ 5516 updates
2022-03-18 08:03:31 | INFO | fairseq_cli.train | end of epoch 14 (average epoch stats below)
2022-03-18 08:03:31 | INFO | train | epoch 014 | loss 5.64 | nll_loss 4.063 | ppl 16.72 | wps 1901.1 | ups 0.15 | wpb 12960 | bsz 517.9 | num_updates 5516 | lr 0.000596096 | gnorm 0.674 | train_wall 2357 | gb_free 7.4 | wall 49044
2022-03-18 08:03:31 | INFO | fairseq.data.iterators | grouped total_num_itrs = 394
2022-03-18 08:03:31 | INFO | fairseq.trainer | begin training epoch 15
2022-03-18 08:03:31 | INFO | fairseq_cli.train | Start iterating over samples
2022-03-18 08:19:11 | INFO | train_inner | epoch 015:     84 / 394 loss=5.504, nll_loss=3.906, ppl=14.99, wps=1172.7, ups=0.09, wpb=12835.7, bsz=510.8, num_updates=5600, lr=0.000591608, gnorm=0.677, train_wall=616, gb_free=7.2, wall=49984
2022-03-18 08:36:13 | INFO | train_inner | epoch 015:    184 / 394 loss=5.504, nll_loss=3.903, ppl=14.96, wps=1287.2, ups=0.1, wpb=13160.9, bsz=525.4, num_updates=5700, lr=0.000586395, gnorm=0.663, train_wall=617, gb_free=7.2, wall=51007
2022-03-18 08:50:16 | INFO | train_inner | epoch 015:    284 / 394 loss=5.541, nll_loss=3.947, ppl=15.42, wps=1537.7, ups=0.12, wpb=12958.2, bsz=520.2, num_updates=5800, lr=0.000581318, gnorm=0.666, train_wall=636, gb_free=7.2, wall=51849
2022-03-18 09:02:58 | INFO | train_inner | epoch 015:    384 / 394 loss=5.585, nll_loss=3.998, ppl=15.98, wps=1698.5, ups=0.13, wpb=12948.3, bsz=516.3, num_updates=5900, lr=0.000576371, gnorm=0.657, train_wall=616, gb_free=7.2, wall=52612
2022-03-18 09:03:57 | INFO | fairseq_cli.train | begin validation on "valid" subset
2022-03-18 09:04:56 | INFO | valid | epoch 015 | valid on 'valid' subset | loss 7.105 | nll_loss 5.569 | ppl 47.47 | wps 5188.2 | wpb 203.8 | bsz 8.1 | num_updates 5910 | best_loss 6.718
2022-03-18 09:04:56 | INFO | fairseq.checkpoint_utils | Preparing to save checkpoint for epoch 15 @ 5910 updates
2022-03-18 09:04:56 | INFO | fairseq_cli.train | end of epoch 15 (average epoch stats below)
2022-03-18 09:04:56 | INFO | train | epoch 015 | loss 5.528 | nll_loss 3.932 | ppl 15.26 | wps 1385.5 | ups 0.11 | wpb 12960 | bsz 517.9 | num_updates 5910 | lr 0.000575883 | gnorm 0.666 | train_wall 2449 | gb_free 7.2 | wall 52729
2022-03-18 09:05:08 | INFO | fairseq.data.iterators | grouped total_num_itrs = 394
2022-03-18 09:05:08 | INFO | fairseq.trainer | begin training epoch 16
2022-03-18 09:05:08 | INFO | fairseq_cli.train | Start iterating over samples
2022-03-18 09:16:42 | INFO | train_inner | epoch 016:     90 / 394 loss=5.361, nll_loss=3.739, ppl=13.35, wps=1586, ups=0.12, wpb=13063.1, bsz=524, num_updates=6000, lr=0.000571548, gnorm=0.659, train_wall=618, gb_free=5.8, wall=53435
2022-03-18 09:29:37 | INFO | train_inner | epoch 016:    190 / 394 loss=5.415, nll_loss=3.798, ppl=13.91, wps=1653.5, ups=0.13, wpb=12810.6, bsz=509.8, num_updates=6100, lr=0.000566843, gnorm=0.668, train_wall=630, gb_free=7.2, wall=54210
2022-03-18 09:42:02 | INFO | train_inner | epoch 016:    290 / 394 loss=5.447, nll_loss=3.836, ppl=14.28, wps=1757.4, ups=0.13, wpb=13091.2, bsz=525.2, num_updates=6200, lr=0.000562254, gnorm=0.66, train_wall=614, gb_free=7.2, wall=54955
2022-03-18 09:53:44 | INFO | train_inner | epoch 016:    390 / 394 loss=5.49, nll_loss=3.886, ppl=14.79, wps=1841.6, ups=0.14, wpb=12925.8, bsz=515.9, num_updates=6300, lr=0.000557773, gnorm=0.658, train_wall=605, gb_free=7.2, wall=55657
2022-03-18 09:54:05 | INFO | fairseq_cli.train | begin validation on "valid" subset
2022-03-18 09:55:09 | INFO | valid | epoch 016 | valid on 'valid' subset | loss 7.05 | nll_loss 5.495 | ppl 45.1 | wps 4657.4 | wpb 203.8 | bsz 8.1 | num_updates 6304 | best_loss 6.718
2022-03-18 09:55:09 | INFO | fairseq.checkpoint_utils | Preparing to save checkpoint for epoch 16 @ 6304 updates
2022-03-18 09:55:09 | INFO | fairseq_cli.train | end of epoch 16 (average epoch stats below)
2022-03-18 09:55:09 | INFO | train | epoch 016 | loss 5.427 | nll_loss 3.813 | ppl 14.06 | wps 1694.8 | ups 0.13 | wpb 12960 | bsz 517.9 | num_updates 6304 | lr 0.000557596 | gnorm 0.662 | train_wall 2434 | gb_free 7.2 | wall 55742
2022-03-18 09:55:10 | INFO | fairseq.data.iterators | grouped total_num_itrs = 394
2022-03-18 09:55:10 | INFO | fairseq.trainer | begin training epoch 17
2022-03-18 09:55:10 | INFO | fairseq_cli.train | Start iterating over samples
2022-03-18 10:06:51 | INFO | train_inner | epoch 017:     96 / 394 loss=5.259, nll_loss=3.619, ppl=12.29, wps=1651.6, ups=0.13, wpb=12995.9, bsz=520.5, num_updates=6400, lr=0.000553399, gnorm=0.661, train_wall=618, gb_free=7.2, wall=56444
2022-03-18 10:18:20 | INFO | train_inner | epoch 017:    196 / 394 loss=5.325, nll_loss=3.692, ppl=12.92, wps=1879.7, ups=0.15, wpb=12954.7, bsz=516.1, num_updates=6500, lr=0.000549125, gnorm=0.659, train_wall=596, gb_free=7.2, wall=57133
2022-03-18 10:29:46 | INFO | train_inner | epoch 017:    296 / 394 loss=5.369, nll_loss=3.744, ppl=13.4, wps=1872.9, ups=0.15, wpb=12856.1, bsz=512.6, num_updates=6600, lr=0.000544949, gnorm=0.663, train_wall=614, gb_free=7.2, wall=57819
2022-03-18 10:41:05 | INFO | fairseq_cli.train | begin validation on "valid" subset
2022-03-18 10:42:03 | INFO | valid | epoch 017 | valid on 'valid' subset | loss 6.916 | nll_loss 5.358 | ppl 41 | wps 5191.8 | wpb 203.8 | bsz 8.1 | num_updates 6698 | best_loss 6.718
2022-03-18 10:42:03 | INFO | fairseq.checkpoint_utils | Preparing to save checkpoint for epoch 17 @ 6698 updates
2022-03-18 10:42:03 | INFO | fairseq_cli.train | end of epoch 17 (average epoch stats below)
2022-03-18 10:42:03 | INFO | train | epoch 017 | loss 5.336 | nll_loss 3.706 | ppl 13.05 | wps 1814.6 | ups 0.14 | wpb 12960 | bsz 517.9 | num_updates 6698 | lr 0.000540948 | gnorm 0.66 | train_wall 2410 | gb_free 7.8 | wall 58556
2022-03-18 10:42:03 | INFO | fairseq.data.iterators | grouped total_num_itrs = 394
2022-03-18 10:42:03 | INFO | fairseq.trainer | begin training epoch 18
2022-03-18 10:42:03 | INFO | fairseq_cli.train | Start iterating over samples
2022-03-18 10:42:16 | INFO | train_inner | epoch 018:      2 / 394 loss=5.396, nll_loss=3.776, ppl=13.7, wps=1721.1, ups=0.13, wpb=12898.6, bsz=516.5, num_updates=6700, lr=0.000540867, gnorm=0.664, train_wall=612, gb_free=7.2, wall=58569
2022-03-18 10:58:57 | INFO | train_inner | epoch 018:    102 / 394 loss=5.172, nll_loss=3.515, ppl=11.44, wps=1298.9, ups=0.1, wpb=13001.3, bsz=518.7, num_updates=6800, lr=0.000536875, gnorm=0.653, train_wall=608, gb_free=7.2, wall=59570
2022-03-18 11:18:44 | INFO | train_inner | epoch 018:    202 / 394 loss=5.223, nll_loss=3.573, ppl=11.9, wps=1115.3, ups=0.08, wpb=13241.8, bsz=531.7, num_updates=6900, lr=0.000532971, gnorm=0.649, train_wall=615, gb_free=7.2, wall=60757
2022-03-18 11:31:28 | INFO | train_inner | epoch 018:    302 / 394 loss=5.299, nll_loss=3.661, ppl=12.65, wps=1684.3, ups=0.13, wpb=12878.8, bsz=511.9, num_updates=7000, lr=0.00052915, gnorm=0.662, train_wall=599, gb_free=7.2, wall=61522
2022-03-18 11:41:38 | INFO | fairseq_cli.train | begin validation on "valid" subset
2022-03-18 11:42:56 | INFO | valid | epoch 018 | valid on 'valid' subset | loss 7.026 | nll_loss 5.467 | ppl 44.24 | wps 3816 | wpb 203.8 | bsz 8.1 | num_updates 7092 | best_loss 6.718
2022-03-18 11:42:56 | INFO | fairseq.checkpoint_utils | Preparing to save checkpoint for epoch 18 @ 7092 updates
2022-03-18 11:42:56 | INFO | fairseq_cli.train | end of epoch 18 (average epoch stats below)
2022-03-18 11:42:56 | INFO | train | epoch 018 | loss 5.252 | nll_loss 3.607 | ppl 12.19 | wps 1398 | ups 0.11 | wpb 12960 | bsz 517.9 | num_updates 7092 | lr 0.000525707 | gnorm 0.655 | train_wall 2377 | gb_free 7.3 | wall 62209
2022-03-18 11:42:58 | INFO | fairseq.data.iterators | grouped total_num_itrs = 394
2022-03-18 11:42:58 | INFO | fairseq.trainer | begin training epoch 19
2022-03-18 11:42:58 | INFO | fairseq_cli.train | Start iterating over samples
2022-03-18 11:44:00 | INFO | train_inner | epoch 019:      8 / 394 loss=5.303, nll_loss=3.666, ppl=12.7, wps=1691.2, ups=0.13, wpb=12708.2, bsz=509.1, num_updates=7100, lr=0.000525411, gnorm=0.657, train_wall=593, gb_free=7.2, wall=62273
2022-03-18 11:55:29 | INFO | train_inner | epoch 019:    108 / 394 loss=5.093, nll_loss=3.422, ppl=10.72, wps=1897.9, ups=0.15, wpb=13087.5, bsz=523.5, num_updates=7200, lr=0.000521749, gnorm=0.654, train_wall=600, gb_free=7.2, wall=62963
2022-03-18 12:07:16 | INFO | train_inner | epoch 019:    208 / 394 loss=5.158, nll_loss=3.496, ppl=11.28, wps=1836.5, ups=0.14, wpb=12972.5, bsz=517.8, num_updates=7300, lr=0.000518163, gnorm=0.653, train_wall=594, gb_free=7.2, wall=63669
2022-03-18 12:28:17 | INFO | train_inner | epoch 019:    308 / 394 loss=5.224, nll_loss=3.573, ppl=11.9, wps=1024.2, ups=0.08, wpb=12914.3, bsz=514.6, num_updates=7400, lr=0.00051465, gnorm=0.665, train_wall=641, gb_free=7.2, wall=64930
2022-03-18 12:45:54 | INFO | fairseq_cli.train | begin validation on "valid" subset
2022-03-18 12:46:59 | INFO | valid | epoch 019 | valid on 'valid' subset | loss 7.168 | nll_loss 5.62 | ppl 49.18 | wps 4734.9 | wpb 203.8 | bsz 8.1 | num_updates 7486 | best_loss 6.718
2022-03-18 12:46:59 | INFO | fairseq.checkpoint_utils | Preparing to save checkpoint for epoch 19 @ 7486 updates
2022-03-18 12:46:59 | INFO | fairseq_cli.train | end of epoch 19 (average epoch stats below)
2022-03-18 12:46:59 | INFO | train | epoch 019 | loss 5.177 | nll_loss 3.518 | ppl 11.46 | wps 1328.6 | ups 0.1 | wpb 12960 | bsz 517.9 | num_updates 7486 | lr 0.000511686 | gnorm 0.659 | train_wall 2433 | gb_free 7.2 | wall 66052
2022-03-18 12:47:05 | INFO | fairseq.data.iterators | grouped total_num_itrs = 394
2022-03-18 12:47:05 | INFO | fairseq.trainer | begin training epoch 20
2022-03-18 12:47:05 | INFO | fairseq_cli.train | Start iterating over samples
2022-03-18 12:51:07 | INFO | train_inner | epoch 020:     14 / 394 loss=5.216, nll_loss=3.565, ppl=11.84, wps=938.3, ups=0.07, wpb=12860.2, bsz=514.5, num_updates=7500, lr=0.000511208, gnorm=0.666, train_wall=631, gb_free=7.2, wall=66301
2022-03-18 13:09:46 | INFO | train_inner | epoch 020:    114 / 394 loss=5.03, nll_loss=3.347, ppl=10.17, wps=1168.5, ups=0.09, wpb=13071.4, bsz=523.8, num_updates=7600, lr=0.000507833, gnorm=0.655, train_wall=619, gb_free=7.2, wall=67419
2022-03-18 13:28:14 | INFO | train_inner | epoch 020:    214 / 394 loss=5.099, nll_loss=3.426, ppl=10.75, wps=1161.6, ups=0.09, wpb=12865.4, bsz=513.3, num_updates=7700, lr=0.000504525, gnorm=0.661, train_wall=611, gb_free=7.2, wall=68527
2022-03-18 13:45:19 | INFO | train_inner | epoch 020:    314 / 394 loss=5.139, nll_loss=3.473, ppl=11.1, wps=1277.4, ups=0.1, wpb=13102.6, bsz=522.2, num_updates=7800, lr=0.00050128, gnorm=0.654, train_wall=605, gb_free=7.2, wall=69553
2022-03-18 13:54:55 | INFO | fairseq_cli.train | begin validation on "valid" subset
2022-03-18 13:55:53 | INFO | valid | epoch 020 | valid on 'valid' subset | loss 7.182 | nll_loss 5.629 | ppl 49.48 | wps 5185.7 | wpb 203.8 | bsz 8.1 | num_updates 7880 | best_loss 6.718
2022-03-18 13:55:53 | INFO | fairseq.checkpoint_utils | Preparing to save checkpoint for epoch 20 @ 7880 updates
2022-03-18 13:55:53 | INFO | fairseq_cli.train | end of epoch 20 (average epoch stats below)
2022-03-18 13:55:53 | INFO | train | epoch 020 | loss 5.104 | nll_loss 3.432 | ppl 10.8 | wps 1235.1 | ups 0.1 | wpb 12960 | bsz 517.9 | num_updates 7880 | lr 0.000498729 | gnorm 0.659 | train_wall 2392 | gb_free 7.2 | wall 70186
2022-03-18 13:55:53 | INFO | fairseq.data.iterators | grouped total_num_itrs = 394
2022-03-18 13:55:53 | INFO | fairseq.trainer | begin training epoch 21
2022-03-18 13:55:53 | INFO | fairseq_cli.train | Start iterating over samples
2022-03-18 13:58:19 | INFO | train_inner | epoch 021:     20 / 394 loss=5.131, nll_loss=3.464, ppl=11.04, wps=1651, ups=0.13, wpb=12872, bsz=515.4, num_updates=7900, lr=0.000498098, gnorm=0.665, train_wall=591, gb_free=7.2, wall=70332
2022-03-18 14:09:51 | INFO | train_inner | epoch 021:    120 / 394 loss=4.968, nll_loss=3.273, ppl=9.67, wps=1879.9, ups=0.14, wpb=13005, bsz=520.3, num_updates=8000, lr=0.000494975, gnorm=0.659, train_wall=605, gb_free=7.2, wall=71024
User defined signal 2
